2026-05-17T18:49:49: PM2 log: ===============================================================================
2026-05-17T18:49:49: PM2 log: --- New PM2 Daemon started ----------------------------------------------------
2026-05-17T18:49:49: PM2 log: Time                 : Sun May 17 2026 18:49:49 GMT+0100 (Central European Standard Time)
2026-05-17T18:49:49: PM2 log: PM2 version          : 7.0.1
2026-05-17T18:49:49: PM2 log: Node.js version      : 24.14.1
2026-05-17T18:49:49: PM2 log: Current arch         : arm64
2026-05-17T18:49:49: PM2 log: PM2 home             : /data/data/com.termux/files/home/.pm2
2026-05-17T18:49:49: PM2 log: PM2 PID file         : /data/data/com.termux/files/home/.pm2/pm2.pid
2026-05-17T18:49:49: PM2 log: RPC socket file      : /data/data/com.termux/files/home/.pm2/rpc.sock
2026-05-17T18:49:49: PM2 log: BUS socket file      : /data/data/com.termux/files/home/.pm2/pub.sock
2026-05-17T18:49:49: PM2 log: Application log path : /data/data/com.termux/files/home/.pm2/logs
2026-05-17T18:49:49: PM2 log: Worker Interval      : 30000
2026-05-17T18:49:49: PM2 log: Process dump file    : /data/data/com.termux/files/home/.pm2/dump.pm2
2026-05-17T18:49:49: PM2 log: Concurrent actions   : 2
2026-05-17T18:49:49: PM2 log: SIGTERM timeout      : 1600
2026-05-17T18:49:49: PM2 log: Runtime Binary       : /data/data/com.termux/files/usr/bin/node
2026-05-17T18:49:49: PM2 log: ===============================================================================
2026-05-17T18:49:49: PM2 log: App [insta-tik-saver:0] starting in -fork mode-
2026-05-17T18:49:49: PM2 log: App [insta-tik-saver:0] online
2026-05-17T18:49:49: PM2 warn: [pidusage] We couldn't find uptime from /proc/uptime, using os.uptime() value
2026-05-17T18:50:19: PM2 warn: [pidusage] We couldn't find uptime from /proc/uptime, using os.uptime() value
2026-05-17T18:50:20: PM2 warn: [pidusage] We couldn't find uptime from /proc/uptime, using os.uptime() value
2026-05-17T18:50:50: PM2 warn: [pidusage] We couldn't find uptime from /proc/uptime, using os.uptime() value
2026-05-17T18:51:20: PM2 warn: [pidusage] We couldn't find uptime from /proc/uptime, using os.uptime() value
2026-05-17T18:51:39: PM2 warn: [pidusage] We couldn't find uptime from /proc/uptime, using os.uptime() value
2026-05-17T18:51:50: PM2 warn: [pidusage] We couldn't find uptime from /proc/uptime, using os.uptime() value
2026-05-17T18:52:20: PM2 warn: [pidusage] We couldn't find uptime from /proc/uptime, using os.uptime() value
2026-05-17T18:52:50: PM2 warn: [pidusage] We couldn't find uptime from /proc/uptime, using os.uptime() value
2026-05-17T18:53:20: PM2 warn: [pidusage] We couldn't find uptime from /proc/uptime, using os.uptime() value
2026-05-17T18:53:50: PM2 warn: [pidusage] We couldn't find uptime from /proc/uptime, using os.uptime() value
2026-05-17T18:54:20: PM2 warn: [pidusage] We couldn't find uptime from /proc/uptime, using os.uptime() value
2026-05-17T18:54:50: PM2 warn: [pidusage] We couldn't find uptime from /proc/uptime, using os.uptime() value
2026-05-17T18:55:21: PM2 warn: [pidusage] We couldn't find uptime from /proc/uptime, using os.uptime() value
2026-05-17T18:55:51: PM2 warn: [pidusage] We couldn't find uptime from /proc/uptime, using os.uptime() value
2026-05-17T18:56:23: PM2 warn: [pidusage] We couldn't find uptime from /proc/uptime, using os.uptime() value
2026-05-17T18:56:55: PM2 warn: [pidusage] We couldn't find uptime from /proc/uptime, using os.uptime() value
2026-05-17T18:57:25: PM2 warn: [pidusage] We couldn't find uptime from /proc/uptime, using os.uptime() value
2026-05-17T18:57:55: PM2 warn: [pidusage] We couldn't find uptime from /proc/uptime, using os.uptime() value
2026-05-17T18:58:25: PM2 warn: [pidusage] We couldn't find uptime from /proc/uptime, using os.uptime() value
2026-05-17T18:58:55: PM2 warn: [pidusage] We couldn't find uptime from /proc/uptime, using os.uptime() value
2026-05-17T18:59:25: PM2 warn: [pidusage] We couldn't find uptime from /proc/uptime, using os.uptime() value
2026-05-17T18:59:57: PM2 warn: [pidusage] We couldn't find uptime from /proc/uptime, using os.uptime() value
2026-05-17T19:00:28: PM2 warn: [pidusage] We couldn't find uptime from /proc/uptime, using os.uptime() value
2026-05-17T19:00:58: PM2 warn: [pidusage] We couldn't find uptime from /proc/uptime, using os.uptime() value
2026-05-17T19:01:28: PM2 warn: [pidusage] We couldn't find uptime from /proc/uptime, using os.uptime() value
2026-05-17T19:01:58: PM2 warn: [pidusage] We couldn't find uptime from /proc/uptime, using os.uptime() value
2026-05-17T19:02:29: PM2 warn: [pidusage] We couldn't find uptime from /proc/uptime, using os.uptime() value
2026-05-17T19:02:59: PM2 warn: [pidusage] We couldn't find uptime from /proc/uptime, using os.uptime() value
2026-05-17T19:03:29: PM2 warn: [pidusage] We couldn't find uptime from /proc/uptime, using os.uptime() value
2026-05-17T19:03:59: PM2 warn: [pidusage] We couldn't find uptime from /proc/uptime, using os.uptime() value
2026-05-17T19:04:29: PM2 warn: [pidusage] We couldn't find uptime from /proc/uptime, using os.uptime() value
2026-05-17T19:04:59: PM2 warn: [pidusage] We couldn't find uptime from /proc/uptime, using os.uptime() value
2026-05-17T19:05:29: PM2 warn: [pidusage] We couldn't find uptime from /proc/uptime, using os.uptime() value
2026-05-17T19:05:59: PM2 warn: [pidusage] We couldn't find uptime from /proc/uptime, using os.uptime() value
2026-05-17T19:06:29: PM2 warn: [pidusage] We couldn't find uptime from /proc/uptime, using os.uptime() value
2026-05-17T19:07:01: PM2 warn: [pidusage] We couldn't find uptime from /proc/uptime, using os.uptime() value
2026-05-17T19:07:31: PM2 warn: [pidusage] We couldn't find uptime from /proc/uptime, using os.uptime() value
2026-05-17T19:08:01: PM2 warn: [pidusage] We couldn't find uptime from /proc/uptime, using os.uptime() value
2026-05-17T19:08:32: PM2 warn: [pidusage] We couldn't find uptime from /proc/uptime, using os.uptime() value
2026-05-17T19:09:02: PM2 warn: [pidusage] We couldn't find uptime from /proc/uptime, using os.uptime() value
2026-05-17T19:09:32: PM2 warn: [pidusage] We couldn't find uptime from /proc/uptime, using os.uptime() value
2026-05-17T19:10:02: PM2 warn: [pidusage] We couldn't find uptime from /proc/uptime, using os.uptime() value
2026-05-17T19:10:33: PM2 warn: [pidusage] We couldn't find uptime from /proc/uptime, using os.uptime() value
2026-05-17T19:11:03: PM2 warn: [pidusage] We couldn't find uptime from /proc/uptime, using os.uptime() value
2026-05-17T19:11:35: PM2 warn: [pidusage] We couldn't find uptime from /proc/uptime, using os.uptime() value
2026-05-17T19:12:05: PM2 warn: [pidusage] We couldn't find uptime from /proc/uptime, using os.uptime() value
2026-05-17T19:12:35: PM2 warn: [pidusage] We couldn't find uptime from /proc/uptime, using os.uptime() value
2026-05-17T19:13:05: PM2 warn: [pidusage] We couldn't find uptime from /proc/uptime, using os.uptime() value
2026-05-17T19:13:35: PM2 warn: [pidusage] We couldn't find uptime from /proc/uptime, using os.uptime() value
2026-05-17T19:14:05: PM2 warn: [pidusage] We couldn't find uptime from /proc/uptime, using os.uptime() value
2026-05-17T19:14:35: PM2 warn: [pidusage] We couldn't find uptime from /proc/uptime, using os.uptime() value
2026-05-17T19:15:05: PM2 warn: [pidusage] We couldn't find uptime from /proc/uptime, using os.uptime() value
2026-05-17T19:15:35: PM2 warn: [pidusage] We couldn't find uptime from /proc/uptime, using os.uptime() value
2026-05-17T19:16:07: PM2 warn: [pidusage] We couldn't find uptime from /proc/uptime, using os.uptime() value
2026-05-17T19:16:37: PM2 warn: [pidusage] We couldn't find uptime from /proc/uptime, using os.uptime() value
2026-05-17T19:17:07: PM2 warn: [pidusage] We couldn't find uptime from /proc/uptime, using os.uptime() value
2026-05-17T19:17:37: PM2 warn: [pidusage] We couldn't find uptime from /proc/uptime, using os.uptime() value
2026-05-17T19:18:07: PM2 warn: [pidusage] We couldn't find uptime from /proc/uptime, using os.uptime() value
2026-05-17T19:18:37: PM2 warn: [pidusage] We couldn't find uptime from /proc/uptime, using os.uptime() value
2026-05-17T19:19:07: PM2 warn: [pidusage] We couldn't find uptime from /proc/uptime, using os.uptime() value
2026-05-17T19:19:37: PM2 warn: [pidusage] We couldn't find uptime from /proc/uptime, using os.uptime() value
2026-05-17T19:20:09: PM2 warn: [pidusage] We couldn't find uptime from /proc/uptime, using os.uptime() value
2026-05-17T19:20:39: PM2 warn: [pidusage] We couldn't find uptime from /proc/uptime, using os.uptime() value
2026-05-17T19:21:09: PM2 warn: [pidusage] We couldn't find uptime from /proc/uptime, using os.uptime() value
2026-05-17T19:21:39: PM2 warn: [pidusage] We couldn't find uptime from /proc/uptime, using os.uptime() value
2026-05-17T19:22:09: PM2 warn: [pidusage] We couldn't find uptime from /proc/uptime, using os.uptime() value
2026-05-17T19:22:39: PM2 warn: [pidusage] We couldn't find uptime from /proc/uptime, using os.uptime() value
2026-05-17T19:23:09: PM2 warn: [pidusage] We couldn't find uptime from /proc/uptime, using os.uptime() value
2026-05-17T19:23:39: PM2 warn: [pidusage] We couldn't find uptime from /proc/uptime, using os.uptime() value
2026-05-17T19:24:09: PM2 warn: [pidusage] We couldn't find uptime from /proc/uptime, using os.uptime() value
2026-05-17T19:24:39: PM2 warn: [pidusage] We couldn't find uptime from /proc/uptime, using os.uptime() value
2026-05-17T19:25:09: PM2 warn: [pidusage] We couldn't find uptime from /proc/uptime, using os.uptime() value
2026-05-17T19:25:39: PM2 warn: [pidusage] We couldn't find uptime from /proc/uptime, using os.uptime() value
2026-05-17T19:26:09: PM2 warn: [pidusage] We couldn't find uptime from /proc/uptime, using os.uptime() value
2026-05-17T19:26:39: PM2 warn: [pidusage] We couldn't find uptime from /proc/uptime, using os.uptime() value
2026-05-17T19:27:09: PM2 warn: [pidusage] We couldn't find uptime from /proc/uptime, using os.uptime() value
2026-05-17T19:27:39: PM2 warn: [pidusage] We couldn't find uptime from /proc/uptime, using os.uptime() value
2026-05-17T19:28:09: PM2 warn: [pidusage] We couldn't find uptime from /proc/uptime, using os.uptime() value
2026-05-17T19:28:39: PM2 warn: [pidusage] We couldn't find uptime from /proc/uptime, using os.uptime() value
2026-05-17T19:29:09: PM2 warn: [pidusage] We couldn't find uptime from /proc/uptime, using os.uptime() value
2026-05-17T19:29:39: PM2 warn: [pidusage] We couldn't find uptime from /proc/uptime, using os.uptime() value
2026-05-17T19:30:09: PM2 warn: [pidusage] We couldn't find uptime from /proc/uptime, using os.uptime() value
2026-05-17T19:30:39: PM2 warn: [pidusage] We couldn't find uptime from /proc/uptime, using os.uptime() value
2026-05-17T19:31:09: PM2 warn: [pidusage] We couldn't find uptime from /proc/uptime, using os.uptime() value
2026-05-17T19:31:39: PM2 warn: [pidusage] We couldn't find uptime from /proc/uptime, using os.uptime() value
2026-05-17T19:32:11: PM2 warn: [pidusage] We couldn't find uptime from /proc/uptime, using os.uptime() value
2026-05-17T19:32:41: PM2 warn: [pidusage] We couldn't find uptime from /proc/uptime, using os.uptime() value
2026-05-17T19:33:11: PM2 warn: [pidusage] We couldn't find uptime from /proc/uptime, using os.uptime() value
2026-05-17T19:33:41: PM2 warn: [pidusage] We couldn't find uptime from /proc/uptime, using os.uptime() value
2026-05-17T19:34:11: PM2 warn: [pidusage] We couldn't find uptime from /proc/uptime, using os.uptime() value
2026-05-17T19:34:41: PM2 warn: [pidusage] We couldn't find uptime from /proc/uptime, using os.uptime() value
2026-05-17T19:35:11: PM2 warn: [pidusage] We couldn't find uptime from /proc/uptime, using os.uptime() value
2026-05-17T19:35:41: PM2 warn: [pidusage] We couldn't find uptime from /proc/uptime, using os.uptime() value
2026-05-17T19:36:11: PM2 warn: [pidusage] We couldn't find uptime from /proc/uptime, using os.uptime() value
2026-05-17T19:36:42: PM2 warn: [pidusage] We couldn't find uptime from /proc/uptime, using os.uptime() value
2026-05-17T19:37:12: PM2 warn: [pidusage] We couldn't find uptime from /proc/uptime, using os.uptime() value
2026-05-17T19:37:42: PM2 warn: [pidusage] We couldn't find uptime from /proc/uptime, using os.uptime() value
2026-05-17T19:38:13: PM2 warn: [pidusage] We couldn't find uptime from /proc/uptime, using os.uptime() value
2026-05-17T19:38:46: PM2 warn: [pidusage] We couldn't find uptime from /proc/uptime, using os.uptime() value
2026-05-17T19:39:16: PM2 warn: [pidusage] We couldn't find uptime from /proc/uptime, using os.uptime() value
2026-05-17T19:39:46: PM2 warn: [pidusage] We couldn't find uptime from /proc/uptime, using os.uptime() value
2026-05-17T19:40:16: PM2 warn: [pidusage] We couldn't find uptime from /proc/uptime, using os.uptime() value
2026-05-17T19:40:46: PM2 warn: [pidusage] We couldn't find uptime from /proc/uptime, using os.uptime() value
2026-05-17T19:41:16: PM2 warn: [pidusage] We couldn't find uptime from /proc/uptime, using os.uptime() value
2026-05-17T19:41:46: PM2 warn: [pidusage] We couldn't find uptime from /proc/uptime, using os.uptime() value
2026-05-17T19:43:05: PM2 warn: [pidusage] We couldn't find uptime from /proc/uptime, using os.uptime() value
2026-05-17T19:43:34: PM2 warn: [pidusage] We couldn't find uptime from /proc/uptime, using os.uptime() value
2026-05-17T19:44:10: PM2 warn: [pidusage] We couldn't find uptime from /proc/uptime, using os.uptime() value
2026-05-17T19:44:47: PM2 warn: [pidusage] We couldn't find uptime from /proc/uptime, using os.uptime() value
2026-05-17T19:45:17: PM2 warn: [pidusage] We couldn't find uptime from /proc/uptime, using os.uptime() value
2026-05-17T19:46:11: PM2 warn: [pidusage] We couldn't find uptime from /proc/uptime, using os.uptime() value
2026-05-17T19:47:06: PM2 warn: [pidusage] We couldn't find uptime from /proc/uptime, using os.uptime() value
2026-05-17T19:47:36: PM2 warn: [pidusage] We couldn't find uptime from /proc/uptime, using os.uptime() value
2026-05-17T19:48:27: PM2 warn: [pidusage] We couldn't find uptime from /proc/uptime, using os.uptime() value
2026-05-17T19:49:02: PM2 warn: [pidusage] We couldn't find uptime from /proc/uptime, using os.uptime() value
2026-05-17T19:49:32: PM2 warn: [pidusage] We couldn't find uptime from /proc/uptime, using os.uptime() value
2026-05-17T19:50:18: PM2 warn: [pidusage] We couldn't find uptime from /proc/uptime, using os.uptime() value
2026-05-17T19:50:48: PM2 warn: [pidusage] We couldn't find uptime from /proc/uptime, using os.uptime() value
2026-05-17T19:51:18: PM2 warn: [pidusage] We couldn't find uptime from /proc/uptime, using os.uptime() value
2026-05-17T19:51:50: PM2 warn: [pidusage] We couldn't find uptime from /proc/uptime, using os.uptime() value
2026-05-17T19:52:20: PM2 warn: [pidusage] We couldn't find uptime from /proc/uptime, using os.uptime() value
2026-05-17T19:52:50: PM2 warn: [pidusage] We couldn't find uptime from /proc/uptime, using os.uptime() value
2026-05-17T19:53:20: PM2 warn: [pidusage] We couldn't find uptime from /proc/uptime, using os.uptime() value
2026-05-17T19:53:50: PM2 warn: [pidusage] We couldn't find uptime from /proc/uptime, using os.uptime() value
2026-05-17T19:54:20: PM2 warn: [pidusage] We couldn't find uptime from /proc/uptime, using os.uptime() value
2026-05-17T19:54:50: PM2 warn: [pidusage] We couldn't find uptime from /proc/uptime, using os.uptime() value
2026-05-17T19:55:23: PM2 warn: [pidusage] We couldn't find uptime from /proc/uptime, using os.uptime() value
2026-05-17T19:55:53: PM2 warn: [pidusage] We couldn't find uptime from /proc/uptime, using os.uptime() value
2026-05-17T19:56:23: PM2 warn: [pidusage] We couldn't find uptime from /proc/uptime, using os.uptime() value
2026-05-17T19:56:53: PM2 warn: [pidusage] We couldn't find uptime from /proc/uptime, using os.uptime() value
2026-05-17T19:57:23: PM2 warn: [pidusage] We couldn't find uptime from /proc/uptime, using os.uptime() value
2026-05-17T19:57:53: PM2 warn: [pidusage] We couldn't find uptime from /proc/uptime, using os.uptime() value
2026-05-17T19:58:23: PM2 warn: [pidusage] We couldn't find uptime from /proc/uptime, using os.uptime() value
2026-05-17T19:58:53: PM2 warn: [pidusage] We couldn't find uptime from /proc/uptime, using os.uptime() value
2026-05-17T20:00:10: PM2 warn: [pidusage] We couldn't find uptime from /proc/uptime, using os.uptime() value
2026-05-17T20:00:40: PM2 warn: [pidusage] We couldn't find uptime from /proc/uptime, using os.uptime() value
2026-05-17T20:01:13: PM2 warn: [pidusage] We couldn't find uptime from /proc/uptime, using os.uptime() value
2026-05-17T20:02:06: PM2 warn: [pidusage] We couldn't find uptime from /proc/uptime, using os.uptime() value
2026-05-17T20:02:36: PM2 warn: [pidusage] We couldn't find uptime from /proc/uptime, using os.uptime() value
2026-05-17T20:03:06: PM2 warn: [pidusage] We couldn't find uptime from /proc/uptime, using os.uptime() value
2026-05-17T20:03:39: PM2 warn: [pidusage] We couldn't find uptime from /proc/uptime, using os.uptime() value
2026-05-17T20:04:09: PM2 warn: [pidusage] We couldn't find uptime from /proc/uptime, using os.uptime() value
2026-05-17T20:04:39: PM2 warn: [pidusage] We couldn't find uptime from /proc/uptime, using os.uptime() value
2026-05-17T20:05:09: PM2 warn: [pidusage] We couldn't find uptime from /proc/uptime, using os.uptime() value
2026-05-17T20:06:10: PM2 warn: [pidusage] We couldn't find uptime from /proc/uptime, using os.uptime() value
2026-05-17T20:06:57: PM2 warn: [pidusage] We couldn't find uptime from /proc/uptime, using os.uptime() value
2026-05-17T20:11:39: PM2 warn: [pidusage] We couldn't find uptime from /proc/uptime, using os.uptime() value
2026-05-17T20:12:09: PM2 warn: [pidusage] We couldn't find uptime from /proc/uptime, using os.uptime() value
2026-05-17T20:13:32: PM2 warn: [pidusage] We couldn't find uptime from /proc/uptime, using os.uptime() value
2026-05-17T20:16:29: PM2 warn: [pidusage] We couldn't find uptime from /proc/uptime, using os.uptime() value
2026-05-17T20:17:27: PM2 warn: [pidusage] We couldn't find uptime from /proc/uptime, using os.uptime() value
2026-05-17T20:20:12: PM2 warn: [pidusage] We couldn't find uptime from /proc/uptime, using os.uptime() value
2026-05-17T20:21:07: PM2 warn: [pidusage] We couldn't find uptime from /proc/uptime, using os.uptime() value
2026-05-17T20:21:37: PM2 warn: [pidusage] We couldn't find uptime from /proc/uptime, using os.uptime() value
2026-05-17T20:22:07: PM2 warn: [pidusage] We couldn't find uptime from /proc/uptime, using os.uptime() value
2026-05-17T20:22:37: PM2 warn: [pidusage] We couldn't find uptime from /proc/uptime, using os.uptime() value
2026-05-17T20:23:07: PM2 warn: [pidusage] We couldn't find uptime from /proc/uptime, using os.uptime() value
2026-05-17T20:23:37: PM2 warn: [pidusage] We couldn't find uptime from /proc/uptime, using os.uptime() value
2026-05-17T20:24:29: PM2 warn: [pidusage] We couldn't find uptime from /proc/uptime, using os.uptime() value
2026-05-17T20:25:07: PM2 warn: [pidusage] We couldn't find uptime from /proc/uptime, using os.uptime() value
2026-05-17T20:25:50: PM2 warn: [pidusage] We couldn't find uptime from /proc/uptime, using os.uptime() value
2026-05-17T20:26:23: PM2 warn: [pidusage] We couldn't find uptime from /proc/uptime, using os.uptime() value
2026-05-17T20:26:54: PM2 warn: [pidusage] We couldn't find uptime from /proc/uptime, using os.uptime() value
2026-05-17T20:28:55: PM2 warn: [pidusage] We couldn't find uptime from /proc/uptime, using os.uptime() value
2026-05-17T20:29:25: PM2 warn: [pidusage] We couldn't find uptime from /proc/uptime, using os.uptime() value
2026-05-17T20:36:16: PM2 warn: [pidusage] We couldn't find uptime from /proc/uptime, using os.uptime() value
2026-05-17T20:39:14: PM2 warn: [pidusage] We couldn't find uptime from /proc/uptime, using os.uptime() value
2026-05-17T20:40:03: PM2 warn: [pidusage] We couldn't find uptime from /proc/uptime, using os.uptime() value
2026-05-17T20:40:48: PM2 warn: [pidusage] We couldn't find uptime from /proc/uptime, using os.uptime() value
2026-05-17T20:41:24: PM2 warn: [pidusage] We couldn't find uptime from /proc/uptime, using os.uptime() value
2026-05-17T20:42:22: PM2 warn: [pidusage] We couldn't find uptime from /proc/uptime, using os.uptime() value
2026-05-17T20:42:52: PM2 warn: [pidusage] We couldn't find uptime from /proc/uptime, using os.uptime() value
2026-05-17T20:43:22: PM2 warn: [pidusage] We couldn't find uptime from /proc/uptime, using os.uptime() value
2026-05-17T20:43:52: PM2 warn: [pidusage] We couldn't find uptime from /proc/uptime, using os.uptime() value
2026-05-17T20:44:22: PM2 warn: [pidusage] We couldn't find uptime from /proc/uptime, using os.uptime() value
2026-05-17T20:44:52: PM2 warn: [pidusage] We couldn't find uptime from /proc/uptime, using os.uptime() value
2026-05-17T20:45:22: PM2 warn: [pidusage] We couldn't find uptime from /proc/uptime, using os.uptime() value
2026-05-17T20:48:00: PM2 warn: [pidusage] We couldn't find uptime from /proc/uptime, using os.uptime() value
2026-05-17T20:48:54: PM2 warn: [pidusage] We couldn't find uptime from /proc/uptime, using os.uptime() value
2026-05-17T20:49:00: PM2 warn: [pidusage] We couldn't find uptime from /proc/uptime, using os.uptime() value
2026-05-17T20:49:30: PM2 warn: [pidusage] We couldn't find uptime from /proc/uptime, using os.uptime() value
2026-05-17T20:50:00: PM2 warn: [pidusage] We couldn't find uptime from /proc/uptime, using os.uptime() value
2026-05-17T20:50:31: PM2 warn: [pidusage] We couldn't find uptime from /proc/uptime, using os.uptime() value
2026-05-17T20:51:01: PM2 warn: [pidusage] We couldn't find uptime from /proc/uptime, using os.uptime() value
2026-05-17T20:51:40: PM2 warn: [pidusage] We couldn't find uptime from /proc/uptime, using os.uptime() value
2026-05-17T20:52:10: PM2 warn: [pidusage] We couldn't find uptime from /proc/uptime, using os.uptime() value
2026-05-17T20:52:45: PM2 warn: [pidusage] We couldn't find uptime from /proc/uptime, using os.uptime() value
2026-05-17T20:53:48: PM2 warn: [pidusage] We couldn't find uptime from /proc/uptime, using os.uptime() value
2026-05-17T20:54:18: PM2 warn: [pidusage] We couldn't find uptime from /proc/uptime, using os.uptime() value
2026-05-17T20:54:48: PM2 warn: [pidusage] We couldn't find uptime from /proc/uptime, using os.uptime() value
2026-05-17T20:55:18: PM2 warn: [pidusage] We couldn't find uptime from /proc/uptime, using os.uptime() value
2026-05-17T20:55:48: PM2 warn: [pidusage] We couldn't find uptime from /proc/uptime, using os.uptime() value
2026-05-17T20:56:18: PM2 warn: [pidusage] We couldn't find uptime from /proc/uptime, using os.uptime() value
2026-05-17T20:56:48: PM2 warn: [pidusage] We couldn't find uptime from /proc/uptime, using os.uptime() value
2026-05-17T20:58:37: PM2 warn: [pidusage] We couldn't find uptime from /proc/uptime, using os.uptime() value
2026-05-17T20:59:07: PM2 warn: [pidusage] We couldn't find uptime from /proc/uptime, using os.uptime() value
2026-05-17T20:59:37: PM2 warn: [pidusage] We couldn't find uptime from /proc/uptime, using os.uptime() value
2026-05-17T21:00:07: PM2 warn: [pidusage] We couldn't find uptime from /proc/uptime, using os.uptime() value
2026-05-17T21:00:37: PM2 warn: [pidusage] We couldn't find uptime from /proc/uptime, using os.uptime() value
2026-05-17T21:01:07: PM2 warn: [pidusage] We couldn't find uptime from /proc/uptime, using os.uptime() value
2026-05-17T21:06:35: PM2 warn: [pidusage] We couldn't find uptime from /proc/uptime, using os.uptime() value
2026-05-17T21:09:50: PM2 warn: [pidusage] We couldn't find uptime from /proc/uptime, using os.uptime() value
2026-05-17T21:13:20: PM2 warn: [pidusage] We couldn't find uptime from /proc/uptime, using os.uptime() value
2026-05-17T21:13:50: PM2 warn: [pidusage] We couldn't find uptime from /proc/uptime, using os.uptime() value
2026-05-17T21:14:20: PM2 warn: [pidusage] We couldn't find uptime from /proc/uptime, using os.uptime() value
2026-05-17T21:15:06: PM2 warn: [pidusage] We couldn't find uptime from /proc/uptime, using os.uptime() value
2026-05-17T21:16:40: PM2 warn: [pidusage] We couldn't find uptime from /proc/uptime, using os.uptime() value
2026-05-17T21:17:10: PM2 warn: [pidusage] We couldn't find uptime from /proc/uptime, using os.uptime() value
2026-05-17T21:17:50: PM2 warn: [pidusage] We couldn't find uptime from /proc/uptime, using os.uptime() value
2026-05-17T21:18:20: PM2 warn: [pidusage] We couldn't find uptime from /proc/uptime, using os.uptime() value
2026-05-17T21:18:50: PM2 warn: [pidusage] We couldn't find uptime from /proc/uptime, using os.uptime() value
2026-05-17T21:19:20: PM2 warn: [pidusage] We couldn't find uptime from /proc/uptime, using os.uptime() value
2026-05-17T21:19:50: PM2 warn: [pidusage] We couldn't find uptime from /proc/uptime, using os.uptime() value
2026-05-17T21:20:20: PM2 warn: [pidusage] We couldn't find uptime from /proc/uptime, using os.uptime() value
2026-05-17T21:20:50: PM2 warn: [pidusage] We couldn't find uptime from /proc/uptime, using os.uptime() value
2026-05-17T21:21:20: PM2 warn: [pidusage] We couldn't find uptime from /proc/uptime, using os.uptime() value
2026-05-17T21:21:50: PM2 warn: [pidusage] We couldn't find uptime from /proc/uptime, using os.uptime() value
2026-05-17T21:22:20: PM2 warn: [pidusage] We couldn't find uptime from /proc/uptime, using os.uptime() value
2026-05-17T21:22:50: PM2 warn: [pidusage] We couldn't find uptime from /proc/uptime, using os.uptime() value
2026-05-17T21:23:20: PM2 warn: [pidusage] We couldn't find uptime from /proc/uptime, using os.uptime() value
2026-05-17T21:23:50: PM2 warn: [pidusage] We couldn't find uptime from /proc/uptime, using os.uptime() value
2026-05-17T21:24:20: PM2 warn: [pidusage] We couldn't find uptime from /proc/uptime, using os.uptime() value
2026-05-17T21:24:50: PM2 warn: [pidusage] We couldn't find uptime from /proc/uptime, using os.uptime() value
2026-05-17T21:25:20: PM2 warn: [pidusage] We couldn't find uptime from /proc/uptime, using os.uptime() value
2026-05-17T21:25:50: PM2 warn: [pidusage] We couldn't find uptime from /proc/uptime, using os.uptime() value
2026-05-17T21:26:20: PM2 warn: [pidusage] We couldn't find uptime from /proc/uptime, using os.uptime() value
2026-05-17T21:26:50: PM2 warn: [pidusage] We couldn't find uptime from /proc/uptime, using os.uptime() value
2026-05-17T21:27:20: PM2 warn: [pidusage] We couldn't find uptime from /proc/uptime, using os.uptime() value
2026-05-17T21:27:50: PM2 warn: [pidusage] We couldn't find uptime from /proc/uptime, using os.uptime() value
2026-05-17T21:28:20: PM2 warn: [pidusage] We couldn't find uptime from /proc/uptime, using os.uptime() value
2026-05-17T21:28:50: PM2 warn: [pidusage] We couldn't find uptime from /proc/uptime, using os.uptime() value
2026-05-17T21:29:20: PM2 warn: [pidusage] We couldn't find uptime from /proc/uptime, using os.uptime() value
2026-05-17T21:29:50: PM2 warn: [pidusage] We couldn't find uptime from /proc/uptime, using os.uptime() value
2026-05-17T21:30:20: PM2 warn: [pidusage] We couldn't find uptime from /proc/uptime, using os.uptime() value
2026-05-17T21:30:50: PM2 warn: [pidusage] We couldn't find uptime from /proc/uptime, using os.uptime() value
2026-05-17T21:31:28: PM2 warn: [pidusage] We couldn't find uptime from /proc/uptime, using os.uptime() value
2026-05-17T21:31:58: PM2 warn: [pidusage] We couldn't find uptime from /proc/uptime, using os.uptime() value
2026-05-17T21:32:32: PM2 warn: [pidusage] We couldn't find uptime from /proc/uptime, using os.uptime() value
2026-05-17T21:33:02: PM2 warn: [pidusage] We couldn't find uptime from /proc/uptime, using os.uptime() value
2026-05-17T21:33:32: PM2 warn: [pidusage] We couldn't find uptime from /proc/uptime, using os.uptime() value
2026-05-17T21:34:02: PM2 warn: [pidusage] We couldn't find uptime from /proc/uptime, using os.uptime() value
2026-05-17T21:34:32: PM2 warn: [pidusage] We couldn't find uptime from /proc/uptime, using os.uptime() value
2026-05-17T21:35:02: PM2 warn: [pidusage] We couldn't find uptime from /proc/uptime, using os.uptime() value
2026-05-17T21:35:32: PM2 warn: [pidusage] We couldn't find uptime from /proc/uptime, using os.uptime() value
2026-05-17T21:36:02: PM2 warn: [pidusage] We couldn't find uptime from /proc/uptime, using os.uptime() value
2026-05-17T21:36:32: PM2 warn: [pidusage] We couldn't find uptime from /proc/uptime, using os.uptime() value
2026-05-17T21:37:14: PM2 warn: [pidusage] We couldn't find uptime from /proc/uptime, using os.uptime() value
2026-05-17T21:37:44: PM2 warn: [pidusage] We couldn't find uptime from /proc/uptime, using os.uptime() value
2026-05-17T21:40:29: PM2 warn: [pidusage] We couldn't find uptime from /proc/uptime, using os.uptime() value
2026-05-17T21:40:59: PM2 warn: [pidusage] We couldn't find uptime from /proc/uptime, using os.uptime() value
2026-05-17T21:41:29: PM2 warn: [pidusage] We couldn't find uptime from /proc/uptime, using os.uptime() value
2026-05-17T21:41:59: PM2 warn: [pidusage] We couldn't find uptime from /proc/uptime, using os.uptime() value
2026-05-17T21:42:29: PM2 warn: [pidusage] We couldn't find uptime from /proc/uptime, using os.uptime() value
2026-05-17T21:42:59: PM2 warn: [pidusage] We couldn't find uptime from /proc/uptime, using os.uptime() value
2026-05-17T21:43:29: PM2 warn: [pidusage] We couldn't find uptime from /proc/uptime, using os.uptime() value
2026-05-17T21:43:59: PM2 warn: [pidusage] We couldn't find uptime from /proc/uptime, using os.uptime() value
2026-05-17T21:44:29: PM2 warn: [pidusage] We couldn't find uptime from /proc/uptime, using os.uptime() value
2026-05-17T21:44:59: PM2 warn: [pidusage] We couldn't find uptime from /proc/uptime, using os.uptime() value
2026-05-17T21:45:29: PM2 warn: [pidusage] We couldn't find uptime from /proc/uptime, using os.uptime() value
2026-05-17T21:45:59: PM2 warn: [pidusage] We couldn't find uptime from /proc/uptime, using os.uptime() value
2026-05-17T21:46:31: PM2 warn: [pidusage] We couldn't find uptime from /proc/uptime, using os.uptime() value
2026-05-17T21:47:01: PM2 warn: [pidusage] We couldn't find uptime from /proc/uptime, using os.uptime() value
2026-05-17T21:47:31: PM2 warn: [pidusage] We couldn't find uptime from /proc/uptime, using os.uptime() value
2026-05-17T21:48:07: PM2 warn: [pidusage] We couldn't find uptime from /proc/uptime, using os.uptime() value
2026-05-17T21:48:37: PM2 warn: [pidusage] We couldn't find uptime from /proc/uptime, using os.uptime() value
2026-05-17T21:49:32: PM2 warn: [pidusage] We couldn't find uptime from /proc/uptime, using os.uptime() value
2026-05-17T21:50:02: PM2 warn: [pidusage] We couldn't find uptime from /proc/uptime, using os.uptime() value
2026-05-17T21:50:43: PM2 warn: [pidusage] We couldn't find uptime from /proc/uptime, using os.uptime() value
2026-05-17T21:51:13: PM2 warn: [pidusage] We couldn't find uptime from /proc/uptime, using os.uptime() value
2026-05-17T21:57:03: PM2 warn: [pidusage] We couldn't find uptime from /proc/uptime, using os.uptime() value
2026-05-17T21:57:33: PM2 warn: [pidusage] We couldn't find uptime from /proc/uptime, using os.uptime() value
2026-05-17T21:58:11: PM2 warn: [pidusage] We couldn't find uptime from /proc/uptime, using os.uptime() value
2026-05-17T21:59:28: PM2 warn: [pidusage] We couldn't find uptime from /proc/uptime, using os.uptime() value
2026-05-17T21:59:58: PM2 warn: [pidusage] We couldn't find uptime from /proc/uptime, using os.uptime() value
2026-05-17T22:00:44: PM2 warn: [pidusage] We couldn't find uptime from /proc/uptime, using os.uptime() value
2026-05-17T22:01:33: PM2 warn: [pidusage] We couldn't find uptime from /proc/uptime, using os.uptime() value
2026-05-17T22:02:06: PM2 warn: [pidusage] We couldn't find uptime from /proc/uptime, using os.uptime() value
2026-05-17T22:02:36: PM2 warn: [pidusage] We couldn't find uptime from /proc/uptime, using os.uptime() value
2026-05-17T22:03:06: PM2 warn: [pidusage] We couldn't find uptime from /proc/uptime, using os.uptime() value
2026-05-17T22:03:36: PM2 warn: [pidusage] We couldn't find uptime from /proc/uptime, using os.uptime() value
2026-05-17T22:04:06: PM2 warn: [pidusage] We couldn't find uptime from /proc/uptime, using os.uptime() value
2026-05-17T22:04:36: PM2 warn: [pidusage] We couldn't find uptime from /proc/uptime, using os.uptime() value
2026-05-17T22:05:17: PM2 warn: [pidusage] We couldn't find uptime from /proc/uptime, using os.uptime() value
2026-05-17T22:05:48: PM2 warn: [pidusage] We couldn't find uptime from /proc/uptime, using os.uptime() value
2026-05-17T22:06:18: PM2 warn: [pidusage] We couldn't find uptime from /proc/uptime, using os.uptime() value
2026-05-17T22:06:48: PM2 warn: [pidusage] We couldn't find uptime from /proc/uptime, using os.uptime() value
2026-05-17T22:07:18: PM2 warn: [pidusage] We couldn't find uptime from /proc/uptime, using os.uptime() value
2026-05-17T22:07:48: PM2 warn: [pidusage] We couldn't find uptime from /proc/uptime, using os.uptime() value
2026-05-17T22:08:18: PM2 warn: [pidusage] We couldn't find uptime from /proc/uptime, using os.uptime() value
2026-05-17T22:08:48: PM2 warn: [pidusage] We couldn't find uptime from /proc/uptime, using os.uptime() value
2026-05-17T22:09:18: PM2 warn: [pidusage] We couldn't find uptime from /proc/uptime, using os.uptime() value
2026-05-17T22:09:48: PM2 warn: [pidusage] We couldn't find uptime from /proc/uptime, using os.uptime() value
2026-05-17T22:10:18: PM2 warn: [pidusage] We couldn't find uptime from /proc/uptime, using os.uptime() value
2026-05-17T22:10:48: PM2 warn: [pidusage] We couldn't find uptime from /proc/uptime, using os.uptime() value
2026-05-17T22:11:18: PM2 warn: [pidusage] We couldn't find uptime from /proc/uptime, using os.uptime() value
2026-05-17T22:11:48: PM2 warn: [pidusage] We couldn't find uptime from /proc/uptime, using os.uptime() value
2026-05-17T22:12:18: PM2 warn: [pidusage] We couldn't find uptime from /proc/uptime, using os.uptime() value
2026-05-17T22:12:48: PM2 warn: [pidusage] We couldn't find uptime from /proc/uptime, using os.uptime() value
2026-05-17T22:13:18: PM2 warn: [pidusage] We couldn't find uptime from /proc/uptime, using os.uptime() value
2026-05-17T22:13:48: PM2 warn: [pidusage] We couldn't find uptime from /proc/uptime, using os.uptime() value
2026-05-17T22:14:18: PM2 warn: [pidusage] We couldn't find uptime from /proc/uptime, using os.uptime() value
2026-05-17T22:14:48: PM2 warn: [pidusage] We couldn't find uptime from /proc/uptime, using os.uptime() value
2026-05-17T22:15:18: PM2 warn: [pidusage] We couldn't find uptime from /proc/uptime, using os.uptime() value
2026-05-17T22:15:48: PM2 warn: [pidusage] We couldn't find uptime from /proc/uptime, using os.uptime() value
2026-05-17T22:16:18: PM2 warn: [pidusage] We couldn't find uptime from /proc/uptime, using os.uptime() value
2026-05-17T22:16:48: PM2 warn: [pidusage] We couldn't find uptime from /proc/uptime, using os.uptime() value
2026-05-17T22:17:18: PM2 warn: [pidusage] We couldn't find uptime from /proc/uptime, using os.uptime() value
2026-05-17T22:17:48: PM2 warn: [pidusage] We couldn't find uptime from /proc/uptime, using os.uptime() value
2026-05-17T22:18:18: PM2 warn: [pidusage] We couldn't find uptime from /proc/uptime, using os.uptime() value
2026-05-17T22:18:48: PM2 warn: [pidusage] We couldn't find uptime from /proc/uptime, using os.uptime() value
2026-05-17T22:19:18: PM2 warn: [pidusage] We couldn't find uptime from /proc/uptime, using os.uptime() value
2026-05-17T22:19:48: PM2 warn: [pidusage] We couldn't find uptime from /proc/uptime, using os.uptime() value
2026-05-17T22:20:18: PM2 warn: [pidusage] We couldn't find uptime from /proc/uptime, using os.uptime() value
2026-05-17T22:20:48: PM2 warn: [pidusage] We couldn't find uptime from /proc/uptime, using os.uptime() value
2026-05-17T22:21:18: PM2 warn: [pidusage] We couldn't find uptime from /proc/uptime, using os.uptime() value
2026-05-17T22:21:48: PM2 warn: [pidusage] We couldn't find uptime from /proc/uptime, using os.uptime() value
2026-05-17T22:22:18: PM2 warn: [pidusage] We couldn't find uptime from /proc/uptime, using os.uptime() value
2026-05-17T22:22:48: PM2 warn: [pidusage] We couldn't find uptime from /proc/uptime, using os.uptime() value
2026-05-17T22:23:18: PM2 warn: [pidusage] We couldn't find uptime from /proc/uptime, using os.uptime() value
2026-05-17T22:23:48: PM2 warn: [pidusage] We couldn't find uptime from /proc/uptime, using os.uptime() value
2026-05-17T22:24:18: PM2 warn: [pidusage] We couldn't find uptime from /proc/uptime, using os.uptime() value
2026-05-17T22:24:48: PM2 warn: [pidusage] We couldn't find uptime from /proc/uptime, using os.uptime() value
2026-05-17T22:25:18: PM2 warn: [pidusage] We couldn't find uptime from /proc/uptime, using os.uptime() value
2026-05-17T22:25:49: PM2 warn: [pidusage] We couldn't find uptime from /proc/uptime, using os.uptime() value
2026-05-17T22:26:19: PM2 warn: [pidusage] We couldn't find uptime from /proc/uptime, using os.uptime() value
2026-05-17T22:26:49: PM2 warn: [pidusage] We couldn't find uptime from /proc/uptime, using os.uptime() value
2026-05-17T22:27:19: PM2 warn: [pidusage] We couldn't find uptime from /proc/uptime, using os.uptime() value
2026-05-17T22:27:49: PM2 warn: [pidusage] We couldn't find uptime from /proc/uptime, using os.uptime() value
2026-05-17T22:28:19: PM2 warn: [pidusage] We couldn't find uptime from /proc/uptime, using os.uptime() value
2026-05-17T22:28:52: PM2 warn: [pidusage] We couldn't find uptime from /proc/uptime, using os.uptime() value
2026-05-17T22:29:22: PM2 warn: [pidusage] We couldn't find uptime from /proc/uptime, using os.uptime() value
2026-05-17T22:29:52: PM2 warn: [pidusage] We couldn't find uptime from /proc/uptime, using os.uptime() value
2026-05-17T22:30:22: PM2 warn: [pidusage] We couldn't find uptime from /proc/uptime, using os.uptime() value
2026-05-17T22:30:52: PM2 warn: [pidusage] We couldn't find uptime from /proc/uptime, using os.uptime() value
2026-05-17T22:31:22: PM2 warn: [pidusage] We couldn't find uptime from /proc/uptime, using os.uptime() value
2026-05-17T22:31:52: PM2 warn: [pidusage] We couldn't find uptime from /proc/uptime, using os.uptime() value
2026-05-17T22:32:22: PM2 warn: [pidusage] We couldn't find uptime from /proc/uptime, using os.uptime() value
2026-05-17T22:32:52: PM2 warn: [pidusage] We couldn't find uptime from /proc/uptime, using os.uptime() value
2026-05-17T22:33:22: PM2 warn: [pidusage] We couldn't find uptime from /proc/uptime, using os.uptime() value
2026-05-17T22:33:53: PM2 warn: [pidusage] We couldn't find uptime from /proc/uptime, using os.uptime() value
2026-05-17T22:34:23: PM2 warn: [pidusage] We couldn't find uptime from /proc/uptime, using os.uptime() value
2026-05-17T22:34:53: PM2 warn: [pidusage] We couldn't find uptime from /proc/uptime, using os.uptime() value
2026-05-17T22:35:23: PM2 warn: [pidusage] We couldn't find uptime from /proc/uptime, using os.uptime() value
2026-05-17T22:35:53: PM2 warn: [pidusage] We couldn't find uptime from /proc/uptime, using os.uptime() value
2026-05-17T22:36:23: PM2 warn: [pidusage] We couldn't find uptime from /proc/uptime, using os.uptime() value
2026-05-17T22:36:53: PM2 warn: [pidusage] We couldn't find uptime from /proc/uptime, using os.uptime() value
2026-05-17T22:37:23: PM2 warn: [pidusage] We couldn't find uptime from /proc/uptime, using os.uptime() value
2026-05-17T22:37:55: PM2 warn: [pidusage] We couldn't find uptime from /proc/uptime, using os.uptime() value
2026-05-17T22:38:25: PM2 warn: [pidusage] We couldn't find uptime from /proc/uptime, using os.uptime() value
2026-05-17T22:38:55: PM2 warn: [pidusage] We couldn't find uptime from /proc/uptime, using os.uptime() value
2026-05-17T22:39:25: PM2 warn: [pidusage] We couldn't find uptime from /proc/uptime, using os.uptime() value
2026-05-17T22:39:55: PM2 warn: [pidusage] We couldn't find uptime from /proc/uptime, using os.uptime() value
2026-05-17T22:40:25: PM2 warn: [pidusage] We couldn't find uptime from /proc/uptime, using os.uptime() value
2026-05-17T22:40:55: PM2 warn: [pidusage] We couldn't find uptime from /proc/uptime, using os.uptime() value
2026-05-17T22:41:25: PM2 warn: [pidusage] We couldn't find uptime from /proc/uptime, using os.uptime() value
2026-05-17T22:41:55: PM2 warn: [pidusage] We couldn't find uptime from /proc/uptime, using os.uptime() value
2026-05-17T22:42:25: PM2 warn: [pidusage] We couldn't find uptime from /proc/uptime, using os.uptime() value
2026-05-17T22:42:55: PM2 warn: [pidusage] We couldn't find uptime from /proc/uptime, using os.uptime() value
2026-05-17T22:43:25: PM2 warn: [pidusage] We couldn't find uptime from /proc/uptime, using os.uptime() value
2026-05-17T22:43:55: PM2 warn: [pidusage] We couldn't find uptime from /proc/uptime, using os.uptime() value
2026-05-17T22:44:25: PM2 warn: [pidusage] We couldn't find uptime from /proc/uptime, using os.uptime() value
2026-05-17T22:44:55: PM2 warn: [pidusage] We couldn't find uptime from /proc/uptime, using os.uptime() value
2026-05-17T22:45:25: PM2 warn: [pidusage] We couldn't find uptime from /proc/uptime, using os.uptime() value
2026-05-17T22:45:55: PM2 warn: [pidusage] We couldn't find uptime from /proc/uptime, using os.uptime() value
2026-05-17T22:46:25: PM2 warn: [pidusage] We couldn't find uptime from /proc/uptime, using os.uptime() value
2026-05-17T22:46:55: PM2 warn: [pidusage] We couldn't find uptime from /proc/uptime, using os.uptime() value
2026-05-17T22:47:25: PM2 warn: [pidusage] We couldn't find uptime from /proc/uptime, using os.uptime() value
2026-05-17T22:47:55: PM2 warn: [pidusage] We couldn't find uptime from /proc/uptime, using os.uptime() value
2026-05-17T22:48:25: PM2 warn: [pidusage] We couldn't find uptime from /proc/uptime, using os.uptime() value
2026-05-17T23:00:13: PM2 warn: [pidusage] We couldn't find uptime from /proc/uptime, using os.uptime() value
2026-05-17T23:00:42: PM2 warn: [pidusage] We couldn't find uptime from /proc/uptime, using os.uptime() value
2026-05-17T23:01:12: PM2 warn: [pidusage] We couldn't find uptime from /proc/uptime, using os.uptime() value
2026-05-17T23:01:42: PM2 warn: [pidusage] We couldn't find uptime from /proc/uptime, using os.uptime() value
2026-05-17T23:02:12: PM2 warn: [pidusage] We couldn't find uptime from /proc/uptime, using os.uptime() value
2026-05-17T23:02:43: PM2 warn: [pidusage] We couldn't find uptime from /proc/uptime, using os.uptime() value
2026-05-17T23:03:13: PM2 warn: [pidusage] We couldn't find uptime from /proc/uptime, using os.uptime() value
2026-05-17T23:03:58: PM2 warn: [pidusage] We couldn't find uptime from /proc/uptime, using os.uptime() value
2026-05-17T23:04:28: PM2 warn: [pidusage] We couldn't find uptime from /proc/uptime, using os.uptime() value
2026-05-17T23:04:58: PM2 warn: [pidusage] We couldn't find uptime from /proc/uptime, using os.uptime() value
2026-05-17T23:05:49: PM2 warn: [pidusage] We couldn't find uptime from /proc/uptime, using os.uptime() value
2026-05-17T23:06:19: PM2 warn: [pidusage] We couldn't find uptime from /proc/uptime, using os.uptime() value
2026-05-17T23:06:50: PM2 warn: [pidusage] We couldn't find uptime from /proc/uptime, using os.uptime() value
2026-05-17T23:07:41: PM2 warn: [pidusage] We couldn't find uptime from /proc/uptime, using os.uptime() value
2026-05-17T23:08:31: PM2 warn: [pidusage] We couldn't find uptime from /proc/uptime, using os.uptime() value
2026-05-17T23:11:49: PM2 warn: [pidusage] We couldn't find uptime from /proc/uptime, using os.uptime() value
2026-05-17T23:12:18: PM2 warn: [pidusage] We couldn't find uptime from /proc/uptime, using os.uptime() value
2026-05-17T23:12:48: PM2 warn: [pidusage] We couldn't find uptime from /proc/uptime, using os.uptime() value
2026-05-17T23:13:18: PM2 warn: [pidusage] We couldn't find uptime from /proc/uptime, using os.uptime() value
2026-05-17T23:13:48: PM2 warn: [pidusage] We couldn't find uptime from /proc/uptime, using os.uptime() value
2026-05-17T23:14:18: PM2 warn: [pidusage] We couldn't find uptime from /proc/uptime, using os.uptime() value
2026-05-17T23:14:48: PM2 warn: [pidusage] We couldn't find uptime from /proc/uptime, using os.uptime() value
2026-05-17T23:15:18: PM2 warn: [pidusage] We couldn't find uptime from /proc/uptime, using os.uptime() value
2026-05-17T23:15:48: PM2 warn: [pidusage] We couldn't find uptime from /proc/uptime, using os.uptime() value
2026-05-17T23:16:18: PM2 warn: [pidusage] We couldn't find uptime from /proc/uptime, using os.uptime() value
2026-05-17T23:16:48: PM2 warn: [pidusage] We couldn't find uptime from /proc/uptime, using os.uptime() value
2026-05-17T23:17:18: PM2 warn: [pidusage] We couldn't find uptime from /proc/uptime, using os.uptime() value
2026-05-17T23:17:48: PM2 warn: [pidusage] We couldn't find uptime from /proc/uptime, using os.uptime() value
2026-05-17T23:18:18: PM2 warn: [pidusage] We couldn't find uptime from /proc/uptime, using os.uptime() value
2026-05-17T23:18:48: PM2 warn: [pidusage] We couldn't find uptime from /proc/uptime, using os.uptime() value
2026-05-17T23:19:18: PM2 warn: [pidusage] We couldn't find uptime from /proc/uptime, using os.uptime() value
2026-05-17T23:19:48: PM2 warn: [pidusage] We couldn't find uptime from /proc/uptime, using os.uptime() value
2026-05-17T23:20:23: PM2 warn: [pidusage] We couldn't find uptime from /proc/uptime, using os.uptime() value
2026-05-17T23:20:57: PM2 warn: [pidusage] We couldn't find uptime from /proc/uptime, using os.uptime() value
2026-05-17T23:21:40: PM2 warn: [pidusage] We couldn't find uptime from /proc/uptime, using os.uptime() value
2026-05-17T23:22:14: PM2 warn: [pidusage] We couldn't find uptime from /proc/uptime, using os.uptime() value
2026-05-17T23:22:44: PM2 warn: [pidusage] We couldn't find uptime from /proc/uptime, using os.uptime() value
2026-05-17T23:23:14: PM2 warn: [pidusage] We couldn't find uptime from /proc/uptime, using os.uptime() value
2026-05-17T23:23:47: PM2 warn: [pidusage] We couldn't find uptime from /proc/uptime, using os.uptime() value
2026-05-17T23:24:17: PM2 warn: [pidusage] We couldn't find uptime from /proc/uptime, using os.uptime() value
2026-05-17T23:24:50: PM2 warn: [pidusage] We couldn't find uptime from /proc/uptime, using os.uptime() value
2026-05-17T23:25:21: PM2 warn: [pidusage] We couldn't find uptime from /proc/uptime, using os.uptime() value
2026-05-17T23:25:51: PM2 warn: [pidusage] We couldn't find uptime from /proc/uptime, using os.uptime() value
2026-05-17T23:26:21: PM2 warn: [pidusage] We couldn't find uptime from /proc/uptime, using os.uptime() value
2026-05-17T23:26:51: PM2 warn: [pidusage] We couldn't find uptime from /proc/uptime, using os.uptime() value
2026-05-17T23:27:58: PM2 warn: [pidusage] We couldn't find uptime from /proc/uptime, using os.uptime() value
2026-05-17T23:28:28: PM2 warn: [pidusage] We couldn't find uptime from /proc/uptime, using os.uptime() value
2026-05-17T23:28:58: PM2 warn: [pidusage] We couldn't find uptime from /proc/uptime, using os.uptime() value
2026-05-17T23:29:28: PM2 warn: [pidusage] We couldn't find uptime from /proc/uptime, using os.uptime() value
2026-05-17T23:29:58: PM2 warn: [pidusage] We couldn't find uptime from /proc/uptime, using os.uptime() value
2026-05-17T23:30:28: PM2 warn: [pidusage] We couldn't find uptime from /proc/uptime, using os.uptime() value
2026-05-17T23:30:58: PM2 warn: [pidusage] We couldn't find uptime from /proc/uptime, using os.uptime() value
2026-05-17T23:31:28: PM2 warn: [pidusage] We couldn't find uptime from /proc/uptime, using os.uptime() value
2026-05-17T23:32:06: PM2 warn: [pidusage] We couldn't find uptime from /proc/uptime, using os.uptime() value
2026-05-17T23:32:36: PM2 warn: [pidusage] We couldn't find uptime from /proc/uptime, using os.uptime() value
2026-05-17T23:33:27: PM2 warn: [pidusage] We couldn't find uptime from /proc/uptime, using os.uptime() value
2026-05-17T23:34:10: PM2 warn: [pidusage] We couldn't find uptime from /proc/uptime, using os.uptime() value
2026-05-17T23:34:41: PM2 warn: [pidusage] We couldn't find uptime from /proc/uptime, using os.uptime() value
2026-05-17T23:35:12: PM2 warn: [pidusage] We couldn't find uptime from /proc/uptime, using os.uptime() value
2026-05-17T23:35:42: PM2 warn: [pidusage] We couldn't find uptime from /proc/uptime, using os.uptime() value
2026-05-17T23:37:08: PM2 warn: [pidusage] We couldn't find uptime from /proc/uptime, using os.uptime() value
2026-05-17T23:37:46: PM2 warn: [pidusage] We couldn't find uptime from /proc/uptime, using os.uptime() value
2026-05-17T23:38:16: PM2 warn: [pidusage] We couldn't find uptime from /proc/uptime, using os.uptime() value
2026-05-17T23:38:46: PM2 warn: [pidusage] We couldn't find uptime from /proc/uptime, using os.uptime() value
2026-05-17T23:39:16: PM2 warn: [pidusage] We couldn't find uptime from /proc/uptime, using os.uptime() value
2026-05-17T23:39:46: PM2 warn: [pidusage] We couldn't find uptime from /proc/uptime, using os.uptime() value
2026-05-17T23:40:16: PM2 warn: [pidusage] We couldn't find uptime from /proc/uptime, using os.uptime() value
2026-05-17T23:40:46: PM2 warn: [pidusage] We couldn't find uptime from /proc/uptime, using os.uptime() value
2026-05-17T23:41:18: PM2 warn: [pidusage] We couldn't find uptime from /proc/uptime, using os.uptime() value
2026-05-17T23:41:48: PM2 warn: [pidusage] We couldn't find uptime from /proc/uptime, using os.uptime() value
2026-05-17T23:42:18: PM2 warn: [pidusage] We couldn't find uptime from /proc/uptime, using os.uptime() value
2026-05-17T23:42:48: PM2 warn: [pidusage] We couldn't find uptime from /proc/uptime, using os.uptime() value
2026-05-17T23:43:18: PM2 warn: [pidusage] We couldn't find uptime from /proc/uptime, using os.uptime() value
2026-05-17T23:43:48: PM2 warn: [pidusage] We couldn't find uptime from /proc/uptime, using os.uptime() value
2026-05-17T23:44:18: PM2 warn: [pidusage] We couldn't find uptime from /proc/uptime, using os.uptime() value
2026-05-17T23:44:48: PM2 warn: [pidusage] We couldn't find uptime from /proc/uptime, using os.uptime() value
2026-05-17T23:45:18: PM2 warn: [pidusage] We couldn't find uptime from /proc/uptime, using os.uptime() value
2026-05-17T23:46:06: PM2 warn: [pidusage] We couldn't find uptime from /proc/uptime, using os.uptime() value
2026-05-17T23:46:38: PM2 warn: [pidusage] We couldn't find uptime from /proc/uptime, using os.uptime() value
2026-05-17T23:47:08: PM2 warn: [pidusage] We couldn't find uptime from /proc/uptime, using os.uptime() value
2026-05-17T23:47:38: PM2 warn: [pidusage] We couldn't find uptime from /proc/uptime, using os.uptime() value
2026-05-17T23:48:08: PM2 warn: [pidusage] We couldn't find uptime from /proc/uptime, using os.uptime() value
2026-05-17T23:48:38: PM2 warn: [pidusage] We couldn't find uptime from /proc/uptime, using os.uptime() value
2026-05-17T23:49:08: PM2 warn: [pidusage] We couldn't find uptime from /proc/uptime, using os.uptime() value
2026-05-17T23:49:38: PM2 warn: [pidusage] We couldn't find uptime from /proc/uptime, using os.uptime() value
2026-05-17T23:50:08: PM2 warn: [pidusage] We couldn't find uptime from /proc/uptime, using os.uptime() value
2026-05-17T23:50:38: PM2 warn: [pidusage] We couldn't find uptime from /proc/uptime, using os.uptime() value
2026-05-17T23:51:08: PM2 warn: [pidusage] We couldn't find uptime from /proc/uptime, using os.uptime() value
2026-05-17T23:51:38: PM2 warn: [pidusage] We couldn't find uptime from /proc/uptime, using os.uptime() value
2026-05-17T23:52:08: PM2 warn: [pidusage] We couldn't find uptime from /proc/uptime, using os.uptime() value
2026-05-17T23:52:38: PM2 warn: [pidusage] We couldn't find uptime from /proc/uptime, using os.uptime() value
2026-05-17T23:53:08: PM2 warn: [pidusage] We couldn't find uptime from /proc/uptime, using os.uptime() value
2026-05-17T23:53:38: PM2 warn: [pidusage] We couldn't find uptime from /proc/uptime, using os.uptime() value
2026-05-17T23:54:08: PM2 warn: [pidusage] We couldn't find uptime from /proc/uptime, using os.uptime() value
2026-05-17T23:54:38: PM2 warn: [pidusage] We couldn't find uptime from /proc/uptime, using os.uptime() value
2026-05-17T23:55:08: PM2 warn: [pidusage] We couldn't find uptime from /proc/uptime, using os.uptime() value
2026-05-17T23:55:38: PM2 warn: [pidusage] We couldn't find uptime from /proc/uptime, using os.uptime() value
2026-05-17T23:56:08: PM2 warn: [pidusage] We couldn't find uptime from /proc/uptime, using os.uptime() value
2026-05-17T23:56:38: PM2 warn: [pidusage] We couldn't find uptime from /proc/uptime, using os.uptime() value
2026-05-17T23:57:08: PM2 warn: [pidusage] We couldn't find uptime from /proc/uptime, using os.uptime() value
2026-05-17T23:57:38: PM2 warn: [pidusage] We couldn't find uptime from /proc/uptime, using os.uptime() value
2026-05-17T23:58:08: PM2 warn: [pidusage] We couldn't find uptime from /proc/uptime, using os.uptime() value
2026-05-17T23:58:38: PM2 warn: [pidusage] We couldn't find uptime from /proc/uptime, using os.uptime() value
2026-05-17T23:59:08: PM2 warn: [pidusage] We couldn't find uptime from /proc/uptime, using os.uptime() value
2026-05-17T23:59:38: PM2 warn: [pidusage] We couldn't find uptime from /proc/uptime, using os.uptime() value
2026-05-18T00:00:08: PM2 warn: [pidusage] We couldn't find uptime from /proc/uptime, using os.uptime() value
2026-05-18T00:00:38: PM2 warn: [pidusage] We couldn't find uptime from /proc/uptime, using os.uptime() value
2026-05-18T00:01:08: PM2 warn: [pidusage] We couldn't find uptime from /proc/uptime, using os.uptime() value
2026-05-18T00:01:38: PM2 warn: [pidusage] We couldn't find uptime from /proc/uptime, using os.uptime() value
2026-05-18T00:02:08: PM2 warn: [pidusage] We couldn't find uptime from /proc/uptime, using os.uptime() value
2026-05-18T00:02:38: PM2 warn: [pidusage] We couldn't find uptime from /proc/uptime, using os.uptime() value
2026-05-18T00:03:08: PM2 warn: [pidusage] We couldn't find uptime from /proc/uptime, using os.uptime() value
2026-05-18T00:03:38: PM2 warn: [pidusage] We couldn't find uptime from /proc/uptime, using os.uptime() value
2026-05-18T00:04:08: PM2 warn: [pidusage] We couldn't find uptime from /proc/uptime, using os.uptime() value
2026-05-18T00:04:38: PM2 warn: [pidusage] We couldn't find uptime from /proc/uptime, using os.uptime() value
2026-05-18T00:05:08: PM2 warn: [pidusage] We couldn't find uptime from /proc/uptime, using os.uptime() value
2026-05-18T00:05:38: PM2 warn: [pidusage] We couldn't find uptime from /proc/uptime, using os.uptime() value
2026-05-18T00:06:08: PM2 warn: [pidusage] We couldn't find uptime from /proc/uptime, using os.uptime() value
2026-05-18T00:06:38: PM2 warn: [pidusage] We couldn't find uptime from /proc/uptime, using os.uptime() value
2026-05-18T00:07:08: PM2 warn: [pidusage] We couldn't find uptime from /proc/uptime, using os.uptime() value
2026-05-18T00:07:38: PM2 warn: [pidusage] We couldn't find uptime from /proc/uptime, using os.uptime() value
2026-05-18T00:08:08: PM2 warn: [pidusage] We couldn't find uptime from /proc/uptime, using os.uptime() value
2026-05-18T00:08:38: PM2 warn: [pidusage] We couldn't find uptime from /proc/uptime, using os.uptime() value
2026-05-18T00:09:08: PM2 warn: [pidusage] We couldn't find uptime from /proc/uptime, using os.uptime() value
2026-05-18T00:09:38: PM2 warn: [pidusage] We couldn't find uptime from /proc/uptime, using os.uptime() value
2026-05-18T00:10:08: PM2 warn: [pidusage] We couldn't find uptime from /proc/uptime, using os.uptime() value
2026-05-18T00:10:38: PM2 warn: [pidusage] We couldn't find uptime from /proc/uptime, using os.uptime() value
2026-05-18T00:11:08: PM2 warn: [pidusage] We couldn't find uptime from /proc/uptime, using os.uptime() value
2026-05-18T00:11:38: PM2 warn: [pidusage] We couldn't find uptime from /proc/uptime, using os.uptime() value
2026-05-18T00:12:08: PM2 warn: [pidusage] We couldn't find uptime from /proc/uptime, using os.uptime() value
2026-05-18T00:12:38: PM2 warn: [pidusage] We couldn't find uptime from /proc/uptime, using os.uptime() value
2026-05-18T00:13:08: PM2 warn: [pidusage] We couldn't find uptime from /proc/uptime, using os.uptime() value
2026-05-18T00:13:38: PM2 warn: [pidusage] We couldn't find uptime from /proc/uptime, using os.uptime() value
2026-05-18T00:14:08: PM2 warn: [pidusage] We couldn't find uptime from /proc/uptime, using os.uptime() value
2026-05-18T00:14:38: PM2 warn: [pidusage] We couldn't find uptime from /proc/uptime, using os.uptime() value
2026-05-18T00:15:08: PM2 warn: [pidusage] We couldn't find uptime from /proc/uptime, using os.uptime() value
2026-05-18T00:15:38: PM2 warn: [pidusage] We couldn't find uptime from /proc/uptime, using os.uptime() value
2026-05-18T00:16:08: PM2 warn: [pidusage] We couldn't find uptime from /proc/uptime, using os.uptime() value
2026-05-18T00:16:38: PM2 warn: [pidusage] We couldn't find uptime from /proc/uptime, using os.uptime() value
2026-05-18T00:17:08: PM2 warn: [pidusage] We couldn't find uptime from /proc/uptime, using os.uptime() value
2026-05-18T00:17:38: PM2 warn: [pidusage] We couldn't find uptime from /proc/uptime, using os.uptime() value
2026-05-18T00:18:08: PM2 warn: [pidusage] We couldn't find uptime from /proc/uptime, using os.uptime() value
2026-05-18T00:18:38: PM2 warn: [pidusage] We couldn't find uptime from /proc/uptime, using os.uptime() value
2026-05-18T00:19:08: PM2 warn: [pidusage] We couldn't find uptime from /proc/uptime, using os.uptime() value
2026-05-18T00:19:38: PM2 warn: [pidusage] We couldn't find uptime from /proc/uptime, using os.uptime() value
2026-05-18T00:20:08: PM2 warn: [pidusage] We couldn't find uptime from /proc/uptime, using os.uptime() value
2026-05-18T00:20:38: PM2 warn: [pidusage] We couldn't find uptime from /proc/uptime, using os.uptime() value
2026-05-18T00:21:08: PM2 warn: [pidusage] We couldn't find uptime from /proc/uptime, using os.uptime() value
2026-05-18T00:21:38: PM2 warn: [pidusage] We couldn't find uptime from /proc/uptime, using os.uptime() value
2026-05-18T00:22:08: PM2 warn: [pidusage] We couldn't find uptime from /proc/uptime, using os.uptime() value
2026-05-18T00:22:38: PM2 warn: [pidusage] We couldn't find uptime from /proc/uptime, using os.uptime() value
2026-05-18T00:23:08: PM2 warn: [pidusage] We couldn't find uptime from /proc/uptime, using os.uptime() value
2026-05-18T00:23:38: PM2 warn: [pidusage] We couldn't find uptime from /proc/uptime, using os.uptime() value
2026-05-18T00:24:08: PM2 warn: [pidusage] We couldn't find uptime from /proc/uptime, using os.uptime() value
2026-05-18T00:24:38: PM2 warn: [pidusage] We couldn't find uptime from /proc/uptime, using os.uptime() value
2026-05-18T00:25:08: PM2 warn: [pidusage] We couldn't find uptime from /proc/uptime, using os.uptime() value
2026-05-18T00:25:38: PM2 warn: [pidusage] We couldn't find uptime from /proc/uptime, using os.uptime() value
2026-05-18T00:26:14: PM2 warn: [pidusage] We couldn't find uptime from /proc/uptime, using os.uptime() value
2026-05-18T00:26:44: PM2 warn: [pidusage] We couldn't find uptime from /proc/uptime, using os.uptime() value
