0 verbose cli /data/data/com.termux/files/usr/bin/node /data/data/com.termux/files/usr/bin/npm
1 info using npm@11.14.1
2 info using node@v24.14.1
3 silly config load:file:/data/data/com.termux/files/usr/lib/node_modules/npm/npmrc
4 silly config load:file:/data/data/com.termux/files/home/.npmrc
5 silly config load:file:/data/data/com.termux/files/usr/etc/npmrc
6 verbose title npm install yarn
7 verbose argv "install" "--global" "yarn"
8 verbose logfile logs-max:10 dir:/data/data/com.termux/files/home/.npm/_logs/2026-05-17T15_01_11_913Z-
9 verbose logfile /data/data/com.termux/files/home/.npm/_logs/2026-05-17T15_01_11_913Z-debug-0.log
10 silly packumentCache heap:1174405120 maxSize:293601280 maxEntrySize:146800640
11 silly logfile start cleaning logs, removing 1 files
12 silly logfile done cleaning log files
13 silly idealTree buildDeps
14 silly fetch manifest yarn@*
15 silly packumentCache full:https://registry.npmjs.org/yarn cache-miss
16 http fetch GET 200 https://registry.npmjs.org/yarn 525ms (cache miss)
17 silly packumentCache full:https://registry.npmjs.org/yarn set size:undefined disposed:false
18 silly placeDep ROOT yarn@1.22.22 OK for:  want: *
19 silly reify moves {}
20 http cache yarn@https://registry.npmjs.org/yarn/-/yarn-1.22.22.tgz 0ms (cache hit)
21 silly tarball no local data for yarn@https://registry.npmjs.org/yarn/-/yarn-1.22.22.tgz. Extracting by manifest.
22 http fetch GET 200 https://registry.npmjs.org/yarn/-/yarn-1.22.22.tgz 315ms (cache miss)
23 info run yarn@1.22.22 preinstall node_modules/yarn :; (node ./preinstall.js > /dev/null 2>&1 || true)
24 info run yarn@1.22.22 preinstall { code: 0, signal: null }
25 silly ADD node_modules/yarn
26 verbose cwd /data/data/com.termux/files/home
27 verbose os Linux 6.6.89-android15-8-g8e4be6b47e40-ab14134548-4k
28 verbose node v24.14.1
29 verbose npm  v11.14.1
30 verbose exit 0
31 info ok
