0 verbose cli /data/data/com.termux/files/usr/bin/node /data/data/com.termux/files/usr/bin/npm
1 info using npm@11.14.1
2 info using node@v24.14.1
3 silly config load:file:/data/data/com.termux/files/usr/lib/node_modules/npm/npmrc
4 silly config load:file:/data/data/com.termux/files/home/yt-dlp/.npmrc
5 silly config load:file:/data/data/com.termux/files/home/.npmrc
6 silly config load:file:/data/data/com.termux/files/usr/etc/npmrc
7 verbose title npm install node-fetch
8 verbose argv "install" "node-fetch"
9 verbose logfile logs-max:10 dir:/data/data/com.termux/files/home/.npm/_logs/2026-05-17T19_51_52_354Z-
10 verbose logfile /data/data/com.termux/files/home/.npm/_logs/2026-05-17T19_51_52_354Z-debug-0.log
11 silly logfile start cleaning logs, removing 1 files
12 silly logfile done cleaning log files
13 silly packumentCache heap:1174405120 maxSize:293601280 maxEntrySize:146800640
14 silly idealTree buildDeps
15 silly fetch manifest node-fetch@*
16 silly packumentCache full:https://registry.npmjs.org/node-fetch cache-miss
17 verbose shrinkwrap failed to load node_modules/.package-lock.json missing from lockfile: node_modules/yt-dlp-wrap
18 http fetch GET 200 https://registry.npmjs.org/node-fetch 1599ms (cache miss)
19 silly packumentCache full:https://registry.npmjs.org/node-fetch set size:undefined disposed:false
20 silly placeDep ROOT node-fetch@3.3.2 OK for:  want: *
21 silly fetch manifest data-uri-to-buffer@^4.0.0
22 silly packumentCache full:https://registry.npmjs.org/data-uri-to-buffer cache-miss
23 silly fetch manifest fetch-blob@^3.1.4
24 silly packumentCache full:https://registry.npmjs.org/fetch-blob cache-miss
25 silly fetch manifest formdata-polyfill@^4.0.10
26 silly packumentCache full:https://registry.npmjs.org/formdata-polyfill cache-miss
27 http fetch GET 200 https://registry.npmjs.org/fetch-blob 261ms (cache miss)
28 silly packumentCache full:https://registry.npmjs.org/fetch-blob set size:undefined disposed:false
29 http fetch GET 200 https://registry.npmjs.org/formdata-polyfill 414ms (cache miss)
30 silly packumentCache full:https://registry.npmjs.org/formdata-polyfill set size:undefined disposed:false
31 http fetch GET 200 https://registry.npmjs.org/data-uri-to-buffer 443ms (cache revalidated)
32 silly packumentCache full:https://registry.npmjs.org/data-uri-to-buffer set size:48018 disposed:false
33 silly placeDep ROOT data-uri-to-buffer@4.0.1 OK for: node-fetch@3.3.2 want: ^4.0.0
34 silly placeDep ROOT fetch-blob@3.2.0 OK for: node-fetch@3.3.2 want: ^3.1.4
35 silly placeDep ROOT formdata-polyfill@4.0.10 OK for: node-fetch@3.3.2 want: ^4.0.10
36 silly fetch manifest node-domexception@^1.0.0
37 silly packumentCache full:https://registry.npmjs.org/node-domexception cache-miss
38 silly fetch manifest web-streams-polyfill@^3.0.3
39 silly packumentCache full:https://registry.npmjs.org/web-streams-polyfill cache-miss
40 http fetch GET 200 https://registry.npmjs.org/node-domexception 233ms (cache miss)
41 silly packumentCache full:https://registry.npmjs.org/node-domexception set size:undefined disposed:false
42 http fetch GET 200 https://registry.npmjs.org/web-streams-polyfill 256ms (cache miss)
43 silly packumentCache full:https://registry.npmjs.org/web-streams-polyfill set size:undefined disposed:false
44 silly placeDep ROOT node-domexception@1.0.0 OK for: fetch-blob@3.2.0 want: ^1.0.0
45 silly placeDep ROOT web-streams-polyfill@3.3.3 OK for: fetch-blob@3.2.0 want: ^3.0.3
46 silly reify mark retired [ '/data/data/com.termux/files/home/yt-dlp/node_modules/yt-dlp-wrap' ]
47 silly reify moves {
47 silly reify   '/data/data/com.termux/files/home/yt-dlp/node_modules/yt-dlp-wrap': '/data/data/com.termux/files/home/yt-dlp/node_modules/.yt-dlp-wrap-u2BlhzWt'
47 silly reify }
48 silly audit bulk request {
48 silly audit   '@cypress/request': [ '3.0.10' ],
48 silly audit   '@cypress/request-promise': [ '5.0.0' ],
48 silly audit   'tough-cookie': [ '4.1.4', '2.5.0', '5.1.2' ],
48 silly audit   ajv: [ '6.15.0' ],
48 silly audit   'array-buffer-byte-length': [ '1.0.2' ],
48 silly audit   'array.prototype.findindex': [ '2.2.4' ],
48 silly audit   'arraybuffer.prototype.slice': [ '1.0.4' ],
48 silly audit   asn1: [ '0.2.6' ],
48 silly audit   'assert-plus': [ '1.0.0' ],
48 silly audit   'async-function': [ '1.0.0' ],
48 silly audit   asynckit: [ '0.4.0' ],
48 silly audit   'available-typed-arrays': [ '1.0.7' ],
48 silly audit   'aws-sign2': [ '0.7.0' ],
48 silly audit   aws4: [ '1.13.2' ],
48 silly audit   'bcrypt-pbkdf': [ '1.0.2' ],
48 silly audit   bl: [ '1.2.3' ],
48 silly audit   bluebird: [ '3.7.2' ],
48 silly audit   'call-bind': [ '1.0.9' ],
48 silly audit   'call-bind-apply-helpers': [ '1.0.2' ],
48 silly audit   'call-bound': [ '1.0.4' ],
48 silly audit   caseless: [ '0.12.0' ],
48 silly audit   'combined-stream': [ '1.0.8' ],
48 silly audit   'core-util-is': [ '1.0.3', '1.0.2' ],
48 silly audit   dashdash: [ '1.14.1' ],
48 silly audit   'data-view-buffer': [ '1.0.2' ],
48 silly audit   'data-view-byte-length': [ '1.0.2' ],
48 silly audit   'data-view-byte-offset': [ '1.0.1' ],
48 silly audit   debug: [ '3.2.7' ],
48 silly audit   'define-data-property': [ '1.1.4' ],
48 silly audit   'define-properties': [ '1.2.1' ],
48 silly audit   'delayed-stream': [ '1.0.0' ],
48 silly audit   'dunder-proto': [ '1.0.1' ],
48 silly audit   'ecc-jsbn': [ '0.1.2' ],
48 silly audit   'end-of-stream': [ '1.4.5' ],
48 silly audit   'es-abstract': [ '1.24.2' ],
48 silly audit   'es-define-property': [ '1.0.1' ],
48 silly audit   'es-errors': [ '1.3.0' ],
48 silly audit   'es-object-atoms': [ '1.1.1' ],
48 silly audit   'es-set-tostringtag': [ '2.1.0' ],
48 silly audit   'es-shim-unscopables': [ '1.1.0' ],
48 silly audit   'es-to-primitive': [ '1.3.0' ],
48 silly audit   eventemitter3: [ '3.1.2' ],
48 silly audit   extend: [ '3.0.2' ],
48 silly audit   extsprintf: [ '1.3.0' ],
48 silly audit   'fast-deep-equal': [ '3.1.3' ],
48 silly audit   'fast-json-stable-stringify': [ '2.1.0' ],
48 silly audit   'file-type': [ '3.9.0' ],
48 silly audit   'for-each': [ '0.3.5' ],
48 silly audit   'forever-agent': [ '0.6.1' ],
48 silly audit   'form-data': [ '4.0.5', '2.3.3' ],
48 silly audit   'function-bind': [ '1.1.2' ],
48 silly audit   'function.prototype.name': [ '1.1.8' ],
48 silly audit   'functions-have-names': [ '1.2.3' ],
48 silly audit   'generator-function': [ '2.0.1' ],
48 silly audit   'get-intrinsic': [ '1.3.0' ],
48 silly audit   'get-proto': [ '1.0.1' ],
48 silly audit   'get-symbol-description': [ '1.1.0' ],
48 silly audit   getpass: [ '0.1.7' ],
48 silly audit   globalthis: [ '1.0.4' ],
48 silly audit   gopd: [ '1.2.0' ],
48 silly audit   'har-schema': [ '2.0.0' ],
48 silly audit   'har-validator': [ '5.1.5' ],
48 silly audit   'has-bigints': [ '1.1.0' ],
48 silly audit   'has-property-descriptors': [ '1.0.2' ],
48 silly audit   'has-proto': [ '1.2.0' ],
48 silly audit   'has-symbols': [ '1.1.0' ],
48 silly audit   'has-tostringtag': [ '1.0.2' ],
48 silly audit   hasown: [ '2.0.3' ],
48 silly audit   'http-signature': [ '1.4.0', '1.2.0' ],
48 silly audit   inherits: [ '2.0.4' ],
48 silly audit   'internal-slot': [ '1.1.0' ],
48 silly audit   'is-array-buffer': [ '3.0.5' ],
48 silly audit   'is-async-function': [ '2.1.1' ],
48 silly audit   'is-bigint': [ '1.1.0' ],
48 silly audit   'is-boolean-object': [ '1.2.2' ],
48 silly audit   'is-callable': [ '1.2.7' ],
48 silly audit   'is-data-view': [ '1.0.2' ],
48 silly audit   'is-date-object': [ '1.1.0' ],
48 silly audit   'is-finalizationregistry': [ '1.1.1' ],
48 silly audit   'is-generator-function': [ '1.1.2' ],
48 silly audit   'is-map': [ '2.0.3' ],
48 silly audit   'is-negative-zero': [ '2.0.3' ],
48 silly audit   'is-number-object': [ '1.1.1' ],
48 silly audit   'is-regex': [ '1.2.1' ],
48 silly audit   'is-set': [ '2.0.3' ],
48 silly audit   'is-shared-array-buffer': [ '1.0.4' ],
48 silly audit   'is-string': [ '1.1.1' ],
48 silly audit   'is-symbol': [ '1.1.1' ],
48 silly audit   'is-typed-array': [ '1.1.15' ],
48 silly audit   'is-typedarray': [ '1.0.0' ],
48 silly audit   'is-weakmap': [ '2.0.2' ],
48 silly audit   'is-weakref': [ '1.1.1' ],
48 silly audit   'is-weakset': [ '2.0.4' ],
48 silly audit   isarray: [ '1.0.0', '2.0.5' ],
48 silly audit   isstream: [ '0.1.2' ],
48 silly audit   jsbn: [ '0.1.1' ],
48 silly audit   'json-schema': [ '0.4.0' ],
48 silly audit   'json-schema-traverse': [ '0.4.1' ],
48 silly audit   'json-stringify-safe': [ '5.0.1' ],
48 silly audit   jsprim: [ '2.0.2', '1.4.2' ],
48 silly audit   lodash: [ '4.18.1' ],
48 silly audit   'math-intrinsics': [ '1.1.0' ],
48 silly audit   mime: [ '1.6.0' ],
48 silly audit   'mime-db': [ '1.52.0' ],
48 silly audit   'mime-types': [ '2.1.35' ],
48 silly audit   ms: [ '2.1.3' ],
48 silly audit   'node-telegram-bot-api': [ '0.67.0' ],
48 silly audit   'oauth-sign': [ '0.9.0' ],
48 silly audit   'object-inspect': [ '1.13.4' ],
48 silly audit   'object-keys': [ '1.1.1' ],
48 silly audit   'object.assign': [ '4.1.7' ],
48 silly audit   once: [ '1.4.0' ],
48 silly audit   'own-keys': [ '1.0.1' ],
48 silly audit   'performance-now': [ '2.1.0' ],
48 silly audit   'possible-typed-array-names': [ '1.1.0' ],
48 silly audit   'process-nextick-args': [ '2.0.1' ],
48 silly audit   psl: [ '1.15.0' ],
48 silly audit   pump: [ '2.0.1' ],
48 silly audit   punycode: [ '2.3.1' ],
48 silly audit   qs: [ '6.14.2', '6.5.5' ],
48 silly audit   querystringify: [ '2.2.0' ],
48 silly audit   'readable-stream': [ '2.3.8' ],
48 silly audit   'safe-buffer': [ '5.1.2', '5.2.1' ],
48 silly audit   'reflect.getprototypeof': [ '1.0.10' ],
48 silly audit   'regexp.prototype.flags': [ '1.5.4' ],
48 silly audit   request: [ '2.88.2' ],
48 silly audit   'request-promise-core': [ '1.1.3' ],
48 silly audit   uuid: [ '3.4.0', '8.3.2' ],
48 silly audit   'requires-port': [ '1.0.0' ],
48 silly audit   'safe-array-concat': [ '1.1.4' ],
48 silly audit   'safe-push-apply': [ '1.0.0' ],
48 silly audit   'safe-regex-test': [ '1.1.0' ],
48 silly audit   'safer-buffer': [ '2.1.2' ],
48 silly audit   'set-function-length': [ '1.2.2' ],
48 silly audit   'set-function-name': [ '2.0.2' ],
48 silly audit   'set-proto': [ '1.0.0' ],
48 silly audit   'side-channel': [ '1.1.0' ],
48 silly audit   'side-channel-list': [ '1.0.1' ],
48 silly audit   'side-channel-map': [ '1.0.1' ],
48 silly audit   'side-channel-weakmap': [ '1.0.2' ],
48 silly audit   sshpk: [ '1.18.0' ],
48 silly audit   'stealthy-require': [ '1.1.1' ],
48 silly audit   'stop-iteration-iterator': [ '1.1.0' ],
48 silly audit   string_decoder: [ '1.1.1' ],
48 silly audit   'string.prototype.trim': [ '1.2.10' ],
48 silly audit   'string.prototype.trimend': [ '1.0.9' ],
48 silly audit   'string.prototype.trimstart': [ '1.0.8' ],
48 silly audit   tldts: [ '6.1.86' ],
48 silly audit   'tldts-core': [ '6.1.86' ],
48 silly audit   'tunnel-agent': [ '0.6.0' ],
48 silly audit   tweetnacl: [ '0.14.5' ],
48 silly audit   'typed-array-buffer': [ '1.0.3' ],
48 silly audit   'typed-array-byte-length': [ '1.0.3' ],
48 silly audit   'typed-array-byte-offset': [ '1.0.4' ],
48 silly audit   'typed-array-length': [ '1.0.7' ],
48 silly audit   'unbox-primitive': [ '1.1.0' ],
48 silly audit   universalify: [ '0.2.0' ],
48 silly audit   'uri-js': [ '4.4.1' ],
48 silly audit   'url-parse': [ '1.5.10' ],
48 silly audit   'util-deprecate': [ '1.0.2' ],
48 silly audit   verror: [ '1.10.0' ],
48 silly audit   'which-boxed-primitive': [ '1.1.1' ],
48 silly audit   'which-builtin-type': [ '1.2.1' ],
48 silly audit   'which-collection': [ '1.0.2' ],
48 silly audit   'which-typed-array': [ '1.1.20' ],
48 silly audit   wrappy: [ '1.0.2' ],
48 silly audit   'node-fetch': [ '3.3.2' ],
48 silly audit   'data-uri-to-buffer': [ '4.0.1' ],
48 silly audit   'fetch-blob': [ '3.2.0' ],
48 silly audit   'formdata-polyfill': [ '4.0.10' ],
48 silly audit   'node-domexception': [ '1.0.0' ],
48 silly audit   'web-streams-polyfill': [ '3.3.3' ]
48 silly audit }
49 http cache web-streams-polyfill@https://registry.npmjs.org/web-streams-polyfill/-/web-streams-polyfill-3.3.3.tgz 0ms (cache hit)
50 http cache node-domexception@https://registry.npmjs.org/node-domexception/-/node-domexception-1.0.0.tgz 0ms (cache hit)
51 http cache formdata-polyfill@https://registry.npmjs.org/formdata-polyfill/-/formdata-polyfill-4.0.10.tgz 0ms (cache hit)
52 http cache fetch-blob@https://registry.npmjs.org/fetch-blob/-/fetch-blob-3.2.0.tgz 0ms (cache hit)
53 http cache data-uri-to-buffer@https://registry.npmjs.org/data-uri-to-buffer/-/data-uri-to-buffer-4.0.1.tgz 0ms (cache hit)
54 http cache node-fetch@https://registry.npmjs.org/node-fetch/-/node-fetch-3.3.2.tgz 0ms (cache hit)
55 silly tarball no local data for web-streams-polyfill@https://registry.npmjs.org/web-streams-polyfill/-/web-streams-polyfill-3.3.3.tgz. Extracting by manifest.
56 silly tarball no local data for node-domexception@https://registry.npmjs.org/node-domexception/-/node-domexception-1.0.0.tgz. Extracting by manifest.
57 silly tarball no local data for formdata-polyfill@https://registry.npmjs.org/formdata-polyfill/-/formdata-polyfill-4.0.10.tgz. Extracting by manifest.
58 silly tarball no local data for fetch-blob@https://registry.npmjs.org/fetch-blob/-/fetch-blob-3.2.0.tgz. Extracting by manifest.
59 silly tarball no local data for data-uri-to-buffer@https://registry.npmjs.org/data-uri-to-buffer/-/data-uri-to-buffer-4.0.1.tgz. Extracting by manifest.
60 silly tarball no local data for node-fetch@https://registry.npmjs.org/node-fetch/-/node-fetch-3.3.2.tgz. Extracting by manifest.
61 http fetch GET 200 https://registry.npmjs.org/node-domexception/-/node-domexception-1.0.0.tgz 175ms (cache miss)
62 warn deprecated node-domexception@1.0.0: Use your platform's native DOMException instead
63 http fetch GET 200 https://registry.npmjs.org/data-uri-to-buffer/-/data-uri-to-buffer-4.0.1.tgz 302ms (cache miss)
64 http fetch GET 200 https://registry.npmjs.org/formdata-polyfill/-/formdata-polyfill-4.0.10.tgz 312ms (cache miss)
65 http fetch GET 200 https://registry.npmjs.org/fetch-blob/-/fetch-blob-3.2.0.tgz 312ms (cache miss)
66 http fetch GET 200 https://registry.npmjs.org/node-fetch/-/node-fetch-3.3.2.tgz 330ms (cache miss)
67 http fetch POST 200 https://registry.npmjs.org/-/npm/v1/security/advisories/bulk 482ms
68 silly audit report {
68 silly audit report   'tough-cookie': [
68 silly audit report     {
68 silly audit report       id: 1097682,
68 silly audit report       url: 'https://github.com/advisories/GHSA-72xf-g2v4-qvf3',
68 silly audit report       title: 'tough-cookie Prototype Pollution vulnerability',
68 silly audit report       severity: 'moderate',
68 silly audit report       vulnerable_versions: '<4.1.3',
68 silly audit report       cwe: [Array],
68 silly audit report       cvss: [Object]
68 silly audit report     }
68 silly audit report   ],
68 silly audit report   'form-data': [
68 silly audit report     {
68 silly audit report       id: 1109540,
68 silly audit report       url: 'https://github.com/advisories/GHSA-fjxv-7rqg-78g4',
68 silly audit report       title: 'form-data uses unsafe random function in form-data for choosing boundary',
68 silly audit report       severity: 'critical',
68 silly audit report       vulnerable_versions: '<2.5.4',
68 silly audit report       cwe: [Array],
68 silly audit report       cvss: [Object]
68 silly audit report     }
68 silly audit report   ],
68 silly audit report   qs: [
68 silly audit report     {
68 silly audit report       id: 1113719,
68 silly audit report       url: 'https://github.com/advisories/GHSA-6rw7-vpxm-498p',
68 silly audit report       title: "qs's arrayLimit bypass in its bracket notation allows DoS via memory exhaustion",
68 silly audit report       severity: 'moderate',
68 silly audit report       vulnerable_versions: '<6.14.1',
68 silly audit report       cwe: [Array],
68 silly audit report       cvss: [Object]
68 silly audit report     }
68 silly audit report   ],
68 silly audit report   request: [
68 silly audit report     {
68 silly audit report       id: 1096727,
68 silly audit report       url: 'https://github.com/advisories/GHSA-p8p7-x288-28g6',
68 silly audit report       title: 'Server-Side Request Forgery in Request',
68 silly audit report       severity: 'moderate',
68 silly audit report       vulnerable_versions: '<=2.88.2',
68 silly audit report       cwe: [Array],
68 silly audit report       cvss: [Object]
68 silly audit report     }
68 silly audit report   ]
68 silly audit report }
69 silly packumentCache corgi:https://registry.npmjs.org/tough-cookie cache-miss
70 silly packumentCache corgi:https://registry.npmjs.org/form-data cache-miss
71 silly packumentCache corgi:https://registry.npmjs.org/qs cache-miss
72 silly packumentCache corgi:https://registry.npmjs.org/request cache-miss
73 http fetch GET 200 https://registry.npmjs.org/web-streams-polyfill/-/web-streams-polyfill-3.3.3.tgz 506ms (cache miss)
74 http fetch GET 200 https://registry.npmjs.org/tough-cookie 265ms (cache revalidated)
75 silly packumentCache corgi:https://registry.npmjs.org/tough-cookie set size:56308 disposed:false
76 http fetch GET 200 https://registry.npmjs.org/form-data 263ms (cache revalidated)
77 silly packumentCache corgi:https://registry.npmjs.org/form-data set size:51426 disposed:false
78 http fetch GET 200 https://registry.npmjs.org/request 263ms (cache revalidated)
79 silly packumentCache corgi:https://registry.npmjs.org/request set size:129997 disposed:false
80 http fetch GET 200 https://registry.npmjs.org/qs 268ms (cache revalidated)
81 silly packumentCache corgi:https://registry.npmjs.org/qs set size:146581 disposed:false
82 silly packumentCache corgi:https://registry.npmjs.org/request-promise-core cache-miss
83 http fetch GET 200 https://registry.npmjs.org/request-promise-core 272ms (cache revalidated)
84 silly packumentCache corgi:https://registry.npmjs.org/request-promise-core set size:6997 disposed:false
85 silly packumentCache corgi:https://registry.npmjs.org/@cypress%2frequest-promise cache-miss
86 http fetch GET 200 https://registry.npmjs.org/@cypress%2frequest-promise 493ms (cache revalidated)
87 silly packumentCache corgi:https://registry.npmjs.org/@cypress%2frequest-promise set size:4166 disposed:false
88 silly packumentCache corgi:https://registry.npmjs.org/node-telegram-bot-api cache-miss
89 http fetch GET 200 https://registry.npmjs.org/node-telegram-bot-api 233ms (cache revalidated)
90 silly packumentCache corgi:https://registry.npmjs.org/node-telegram-bot-api set size:90673 disposed:false
91 silly ADD node_modules/web-streams-polyfill
92 silly ADD node_modules/node-domexception
93 silly ADD node_modules/formdata-polyfill
94 silly ADD node_modules/fetch-blob
95 silly ADD node_modules/data-uri-to-buffer
96 silly ADD node_modules/node-fetch
97 silly REMOVE node_modules/yt-dlp-wrap
98 verbose cwd /data/data/com.termux/files/home/yt-dlp
99 verbose os Linux 6.6.89-android15-8-g8e4be6b47e40-ab14134548-4k
100 verbose node v24.14.1
101 verbose npm  v11.14.1
102 verbose exit 0
103 info ok
