0 verbose cli /data/data/com.termux/files/usr/bin/node /data/data/com.termux/files/usr/bin/npm
1 info using npm@11.14.1
2 info using node@v24.14.1
3 silly config load:file:/data/data/com.termux/files/usr/lib/node_modules/npm/npmrc
4 silly config load:file:/data/data/com.termux/files/home/yt-dlp/.npmrc
5 silly config load:file:/data/data/com.termux/files/home/.npmrc
6 silly config load:file:/data/data/com.termux/files/usr/etc/npmrc
7 verbose title npm install node-fetch@2
8 verbose argv "install" "node-fetch@2"
9 verbose logfile logs-max:10 dir:/data/data/com.termux/files/home/.npm/_logs/2026-05-17T20_46_38_793Z-
10 verbose logfile /data/data/com.termux/files/home/.npm/_logs/2026-05-17T20_46_38_793Z-debug-0.log
11 silly logfile start cleaning logs, removing 1 files
12 silly logfile done cleaning log files
13 silly packumentCache heap:1174405120 maxSize:293601280 maxEntrySize:146800640
14 silly idealTree buildDeps
15 silly fetch manifest node-fetch@2
16 silly packumentCache full:https://registry.npmjs.org/node-fetch cache-miss
17 http fetch GET 200 https://registry.npmjs.org/node-fetch 632ms (cache revalidated)
18 silly packumentCache full:https://registry.npmjs.org/node-fetch set size:896010 disposed:false
19 silly fetch manifest encoding@^0.1.0
20 silly packumentCache full:https://registry.npmjs.org/encoding cache-miss
21 http fetch GET 200 https://registry.npmjs.org/encoding 300ms (cache miss)
22 silly packumentCache full:https://registry.npmjs.org/encoding set size:undefined disposed:false
23 silly placeDep ROOT node-fetch@2.7.0 REPLACE for:  want: 2
24 silly fetch manifest whatwg-url@^5.0.0
25 silly packumentCache full:https://registry.npmjs.org/whatwg-url cache-miss
26 http fetch GET 200 https://registry.npmjs.org/whatwg-url 272ms (cache miss)
27 silly packumentCache full:https://registry.npmjs.org/whatwg-url set size:undefined disposed:false
28 silly placeDep ROOT whatwg-url@5.0.0 OK for: node-fetch@2.7.0 want: ^5.0.0
29 silly fetch manifest tr46@~0.0.3
30 silly packumentCache full:https://registry.npmjs.org/tr46 cache-miss
31 silly fetch manifest webidl-conversions@^3.0.0
32 silly packumentCache full:https://registry.npmjs.org/webidl-conversions cache-miss
33 http fetch GET 200 https://registry.npmjs.org/tr46 279ms (cache miss)
34 silly packumentCache full:https://registry.npmjs.org/tr46 set size:undefined disposed:false
35 http fetch GET 200 https://registry.npmjs.org/webidl-conversions 396ms (cache miss)
36 silly packumentCache full:https://registry.npmjs.org/webidl-conversions set size:undefined disposed:false
37 silly placeDep ROOT tr46@0.0.3 OK for: whatwg-url@5.0.0 want: ~0.0.3
38 silly placeDep ROOT webidl-conversions@3.0.1 OK for: whatwg-url@5.0.0 want: ^3.0.0
39 silly reify mark retired [
39 silly reify   '/data/data/com.termux/files/home/yt-dlp/node_modules/data-uri-to-buffer'
39 silly reify ]
40 silly reify mark retired [ '/data/data/com.termux/files/home/yt-dlp/node_modules/fetch-blob' ]
41 silly reify mark retired [
41 silly reify   '/data/data/com.termux/files/home/yt-dlp/node_modules/formdata-polyfill'
41 silly reify ]
42 silly reify mark retired [
42 silly reify   '/data/data/com.termux/files/home/yt-dlp/node_modules/node-domexception'
42 silly reify ]
43 silly reify mark retired [ '/data/data/com.termux/files/home/yt-dlp/node_modules/node-fetch' ]
44 silly reify mark retired [
44 silly reify   '/data/data/com.termux/files/home/yt-dlp/node_modules/web-streams-polyfill'
44 silly reify ]
45 silly reify moves {
45 silly reify   '/data/data/com.termux/files/home/yt-dlp/node_modules/data-uri-to-buffer': '/data/data/com.termux/files/home/yt-dlp/node_modules/.data-uri-to-buffer-BYCTUiTJ',
45 silly reify   '/data/data/com.termux/files/home/yt-dlp/node_modules/fetch-blob': '/data/data/com.termux/files/home/yt-dlp/node_modules/.fetch-blob-ypPDZGUA',
45 silly reify   '/data/data/com.termux/files/home/yt-dlp/node_modules/formdata-polyfill': '/data/data/com.termux/files/home/yt-dlp/node_modules/.formdata-polyfill-fJQ4VeMA',
45 silly reify   '/data/data/com.termux/files/home/yt-dlp/node_modules/node-domexception': '/data/data/com.termux/files/home/yt-dlp/node_modules/.node-domexception-aOC90kXo',
45 silly reify   '/data/data/com.termux/files/home/yt-dlp/node_modules/node-fetch': '/data/data/com.termux/files/home/yt-dlp/node_modules/.node-fetch-kPHkvjE1',
45 silly reify   '/data/data/com.termux/files/home/yt-dlp/node_modules/web-streams-polyfill': '/data/data/com.termux/files/home/yt-dlp/node_modules/.web-streams-polyfill-e2NgXTbU'
45 silly reify }
46 silly audit bulk request {
46 silly audit   '@cypress/request': [ '3.0.10' ],
46 silly audit   '@cypress/request-promise': [ '5.0.0' ],
46 silly audit   'tough-cookie': [ '4.1.4', '2.5.0', '5.1.2' ],
46 silly audit   ajv: [ '6.15.0' ],
46 silly audit   'array-buffer-byte-length': [ '1.0.2' ],
46 silly audit   'array.prototype.findindex': [ '2.2.4' ],
46 silly audit   'arraybuffer.prototype.slice': [ '1.0.4' ],
46 silly audit   asn1: [ '0.2.6' ],
46 silly audit   'assert-plus': [ '1.0.0' ],
46 silly audit   'async-function': [ '1.0.0' ],
46 silly audit   asynckit: [ '0.4.0' ],
46 silly audit   'available-typed-arrays': [ '1.0.7' ],
46 silly audit   'aws-sign2': [ '0.7.0' ],
46 silly audit   aws4: [ '1.13.2' ],
46 silly audit   'bcrypt-pbkdf': [ '1.0.2' ],
46 silly audit   bl: [ '1.2.3' ],
46 silly audit   bluebird: [ '3.7.2' ],
46 silly audit   'call-bind': [ '1.0.9' ],
46 silly audit   'call-bind-apply-helpers': [ '1.0.2' ],
46 silly audit   'call-bound': [ '1.0.4' ],
46 silly audit   caseless: [ '0.12.0' ],
46 silly audit   'combined-stream': [ '1.0.8' ],
46 silly audit   'core-util-is': [ '1.0.3', '1.0.2' ],
46 silly audit   dashdash: [ '1.14.1' ],
46 silly audit   'data-view-buffer': [ '1.0.2' ],
46 silly audit   'data-view-byte-length': [ '1.0.2' ],
46 silly audit   'data-view-byte-offset': [ '1.0.1' ],
46 silly audit   debug: [ '3.2.7' ],
46 silly audit   'define-data-property': [ '1.1.4' ],
46 silly audit   'define-properties': [ '1.2.1' ],
46 silly audit   'delayed-stream': [ '1.0.0' ],
46 silly audit   'dunder-proto': [ '1.0.1' ],
46 silly audit   'ecc-jsbn': [ '0.1.2' ],
46 silly audit   'end-of-stream': [ '1.4.5' ],
46 silly audit   'es-abstract': [ '1.24.2' ],
46 silly audit   'es-define-property': [ '1.0.1' ],
46 silly audit   'es-errors': [ '1.3.0' ],
46 silly audit   'es-object-atoms': [ '1.1.1' ],
46 silly audit   'es-set-tostringtag': [ '2.1.0' ],
46 silly audit   'es-shim-unscopables': [ '1.1.0' ],
46 silly audit   'es-to-primitive': [ '1.3.0' ],
46 silly audit   eventemitter3: [ '3.1.2' ],
46 silly audit   extend: [ '3.0.2' ],
46 silly audit   extsprintf: [ '1.3.0' ],
46 silly audit   'fast-deep-equal': [ '3.1.3' ],
46 silly audit   'fast-json-stable-stringify': [ '2.1.0' ],
46 silly audit   'file-type': [ '3.9.0' ],
46 silly audit   'for-each': [ '0.3.5' ],
46 silly audit   'forever-agent': [ '0.6.1' ],
46 silly audit   'form-data': [ '4.0.5', '2.3.3' ],
46 silly audit   'function-bind': [ '1.1.2' ],
46 silly audit   'function.prototype.name': [ '1.1.8' ],
46 silly audit   'functions-have-names': [ '1.2.3' ],
46 silly audit   'generator-function': [ '2.0.1' ],
46 silly audit   'get-intrinsic': [ '1.3.0' ],
46 silly audit   'get-proto': [ '1.0.1' ],
46 silly audit   'get-symbol-description': [ '1.1.0' ],
46 silly audit   getpass: [ '0.1.7' ],
46 silly audit   globalthis: [ '1.0.4' ],
46 silly audit   gopd: [ '1.2.0' ],
46 silly audit   'har-schema': [ '2.0.0' ],
46 silly audit   'har-validator': [ '5.1.5' ],
46 silly audit   'has-bigints': [ '1.1.0' ],
46 silly audit   'has-property-descriptors': [ '1.0.2' ],
46 silly audit   'has-proto': [ '1.2.0' ],
46 silly audit   'has-symbols': [ '1.1.0' ],
46 silly audit   'has-tostringtag': [ '1.0.2' ],
46 silly audit   hasown: [ '2.0.3' ],
46 silly audit   'http-signature': [ '1.4.0', '1.2.0' ],
46 silly audit   inherits: [ '2.0.4' ],
46 silly audit   'internal-slot': [ '1.1.0' ],
46 silly audit   'is-array-buffer': [ '3.0.5' ],
46 silly audit   'is-async-function': [ '2.1.1' ],
46 silly audit   'is-bigint': [ '1.1.0' ],
46 silly audit   'is-boolean-object': [ '1.2.2' ],
46 silly audit   'is-callable': [ '1.2.7' ],
46 silly audit   'is-data-view': [ '1.0.2' ],
46 silly audit   'is-date-object': [ '1.1.0' ],
46 silly audit   'is-finalizationregistry': [ '1.1.1' ],
46 silly audit   'is-generator-function': [ '1.1.2' ],
46 silly audit   'is-map': [ '2.0.3' ],
46 silly audit   'is-negative-zero': [ '2.0.3' ],
46 silly audit   'is-number-object': [ '1.1.1' ],
46 silly audit   'is-regex': [ '1.2.1' ],
46 silly audit   'is-set': [ '2.0.3' ],
46 silly audit   'is-shared-array-buffer': [ '1.0.4' ],
46 silly audit   'is-string': [ '1.1.1' ],
46 silly audit   'is-symbol': [ '1.1.1' ],
46 silly audit   'is-typed-array': [ '1.1.15' ],
46 silly audit   'is-typedarray': [ '1.0.0' ],
46 silly audit   'is-weakmap': [ '2.0.2' ],
46 silly audit   'is-weakref': [ '1.1.1' ],
46 silly audit   'is-weakset': [ '2.0.4' ],
46 silly audit   isarray: [ '1.0.0', '2.0.5' ],
46 silly audit   isstream: [ '0.1.2' ],
46 silly audit   jsbn: [ '0.1.1' ],
46 silly audit   'json-schema': [ '0.4.0' ],
46 silly audit   'json-schema-traverse': [ '0.4.1' ],
46 silly audit   'json-stringify-safe': [ '5.0.1' ],
46 silly audit   jsprim: [ '2.0.2', '1.4.2' ],
46 silly audit   lodash: [ '4.18.1' ],
46 silly audit   'math-intrinsics': [ '1.1.0' ],
46 silly audit   mime: [ '1.6.0' ],
46 silly audit   'mime-db': [ '1.52.0' ],
46 silly audit   'mime-types': [ '2.1.35' ],
46 silly audit   ms: [ '2.1.3' ],
46 silly audit   'node-telegram-bot-api': [ '0.67.0' ],
46 silly audit   'oauth-sign': [ '0.9.0' ],
46 silly audit   'object-inspect': [ '1.13.4' ],
46 silly audit   'object-keys': [ '1.1.1' ],
46 silly audit   'object.assign': [ '4.1.7' ],
46 silly audit   once: [ '1.4.0' ],
46 silly audit   'own-keys': [ '1.0.1' ],
46 silly audit   'performance-now': [ '2.1.0' ],
46 silly audit   'possible-typed-array-names': [ '1.1.0' ],
46 silly audit   'process-nextick-args': [ '2.0.1' ],
46 silly audit   psl: [ '1.15.0' ],
46 silly audit   pump: [ '2.0.1' ],
46 silly audit   punycode: [ '2.3.1' ],
46 silly audit   qs: [ '6.14.2', '6.5.5' ],
46 silly audit   querystringify: [ '2.2.0' ],
46 silly audit   'readable-stream': [ '2.3.8' ],
46 silly audit   'safe-buffer': [ '5.1.2', '5.2.1' ],
46 silly audit   'reflect.getprototypeof': [ '1.0.10' ],
46 silly audit   'regexp.prototype.flags': [ '1.5.4' ],
46 silly audit   request: [ '2.88.2' ],
46 silly audit   'request-promise-core': [ '1.1.3' ],
46 silly audit   uuid: [ '3.4.0', '8.3.2' ],
46 silly audit   'requires-port': [ '1.0.0' ],
46 silly audit   'safe-array-concat': [ '1.1.4' ],
46 silly audit   'safe-push-apply': [ '1.0.0' ],
46 silly audit   'safe-regex-test': [ '1.1.0' ],
46 silly audit   'safer-buffer': [ '2.1.2' ],
46 silly audit   'set-function-length': [ '1.2.2' ],
46 silly audit   'set-function-name': [ '2.0.2' ],
46 silly audit   'set-proto': [ '1.0.0' ],
46 silly audit   'side-channel': [ '1.1.0' ],
46 silly audit   'side-channel-list': [ '1.0.1' ],
46 silly audit   'side-channel-map': [ '1.0.1' ],
46 silly audit   'side-channel-weakmap': [ '1.0.2' ],
46 silly audit   sshpk: [ '1.18.0' ],
46 silly audit   'stealthy-require': [ '1.1.1' ],
46 silly audit   'stop-iteration-iterator': [ '1.1.0' ],
46 silly audit   string_decoder: [ '1.1.1' ],
46 silly audit   'string.prototype.trim': [ '1.2.10' ],
46 silly audit   'string.prototype.trimend': [ '1.0.9' ],
46 silly audit   'string.prototype.trimstart': [ '1.0.8' ],
46 silly audit   tldts: [ '6.1.86' ],
46 silly audit   'tldts-core': [ '6.1.86' ],
46 silly audit   'tunnel-agent': [ '0.6.0' ],
46 silly audit   tweetnacl: [ '0.14.5' ],
46 silly audit   'typed-array-buffer': [ '1.0.3' ],
46 silly audit   'typed-array-byte-length': [ '1.0.3' ],
46 silly audit   'typed-array-byte-offset': [ '1.0.4' ],
46 silly audit   'typed-array-length': [ '1.0.7' ],
46 silly audit   'unbox-primitive': [ '1.1.0' ],
46 silly audit   universalify: [ '0.2.0' ],
46 silly audit   'uri-js': [ '4.4.1' ],
46 silly audit   'url-parse': [ '1.5.10' ],
46 silly audit   'util-deprecate': [ '1.0.2' ],
46 silly audit   verror: [ '1.10.0' ],
46 silly audit   'which-boxed-primitive': [ '1.1.1' ],
46 silly audit   'which-builtin-type': [ '1.2.1' ],
46 silly audit   'which-collection': [ '1.0.2' ],
46 silly audit   'which-typed-array': [ '1.1.20' ],
46 silly audit   wrappy: [ '1.0.2' ],
46 silly audit   'node-fetch': [ '2.7.0' ],
46 silly audit   'whatwg-url': [ '5.0.0' ],
46 silly audit   tr46: [ '0.0.3' ],
46 silly audit   'webidl-conversions': [ '3.0.1' ]
46 silly audit }
47 http cache webidl-conversions@https://registry.npmjs.org/webidl-conversions/-/webidl-conversions-3.0.1.tgz 0ms (cache hit)
48 http cache whatwg-url@https://registry.npmjs.org/whatwg-url/-/whatwg-url-5.0.0.tgz 0ms (cache hit)
49 http cache tr46@https://registry.npmjs.org/tr46/-/tr46-0.0.3.tgz 0ms (cache hit)
50 http cache node-fetch@https://registry.npmjs.org/node-fetch/-/node-fetch-2.7.0.tgz 0ms (cache hit)
51 silly tarball no local data for whatwg-url@https://registry.npmjs.org/whatwg-url/-/whatwg-url-5.0.0.tgz. Extracting by manifest.
52 silly tarball no local data for webidl-conversions@https://registry.npmjs.org/webidl-conversions/-/webidl-conversions-3.0.1.tgz. Extracting by manifest.
53 silly tarball no local data for tr46@https://registry.npmjs.org/tr46/-/tr46-0.0.3.tgz. Extracting by manifest.
54 silly tarball no local data for node-fetch@https://registry.npmjs.org/node-fetch/-/node-fetch-2.7.0.tgz. Extracting by manifest.
55 http fetch GET 200 https://registry.npmjs.org/webidl-conversions/-/webidl-conversions-3.0.1.tgz 88ms (cache miss)
56 http fetch GET 200 https://registry.npmjs.org/whatwg-url/-/whatwg-url-5.0.0.tgz 238ms (cache miss)
57 http fetch GET 200 https://registry.npmjs.org/tr46/-/tr46-0.0.3.tgz 245ms (cache miss)
58 http fetch GET 200 https://registry.npmjs.org/node-fetch/-/node-fetch-2.7.0.tgz 252ms (cache miss)
59 http fetch POST 200 https://registry.npmjs.org/-/npm/v1/security/advisories/bulk 455ms
60 silly audit report {
60 silly audit report   'tough-cookie': [
60 silly audit report     {
60 silly audit report       id: 1097682,
60 silly audit report       url: 'https://github.com/advisories/GHSA-72xf-g2v4-qvf3',
60 silly audit report       title: 'tough-cookie Prototype Pollution vulnerability',
60 silly audit report       severity: 'moderate',
60 silly audit report       vulnerable_versions: '<4.1.3',
60 silly audit report       cwe: [Array],
60 silly audit report       cvss: [Object]
60 silly audit report     }
60 silly audit report   ],
60 silly audit report   'form-data': [
60 silly audit report     {
60 silly audit report       id: 1109540,
60 silly audit report       url: 'https://github.com/advisories/GHSA-fjxv-7rqg-78g4',
60 silly audit report       title: 'form-data uses unsafe random function in form-data for choosing boundary',
60 silly audit report       severity: 'critical',
60 silly audit report       vulnerable_versions: '<2.5.4',
60 silly audit report       cwe: [Array],
60 silly audit report       cvss: [Object]
60 silly audit report     }
60 silly audit report   ],
60 silly audit report   qs: [
60 silly audit report     {
60 silly audit report       id: 1113719,
60 silly audit report       url: 'https://github.com/advisories/GHSA-6rw7-vpxm-498p',
60 silly audit report       title: "qs's arrayLimit bypass in its bracket notation allows DoS via memory exhaustion",
60 silly audit report       severity: 'moderate',
60 silly audit report       vulnerable_versions: '<6.14.1',
60 silly audit report       cwe: [Array],
60 silly audit report       cvss: [Object]
60 silly audit report     }
60 silly audit report   ],
60 silly audit report   request: [
60 silly audit report     {
60 silly audit report       id: 1096727,
60 silly audit report       url: 'https://github.com/advisories/GHSA-p8p7-x288-28g6',
60 silly audit report       title: 'Server-Side Request Forgery in Request',
60 silly audit report       severity: 'moderate',
60 silly audit report       vulnerable_versions: '<=2.88.2',
60 silly audit report       cwe: [Array],
60 silly audit report       cvss: [Object]
60 silly audit report     }
60 silly audit report   ]
60 silly audit report }
61 silly packumentCache corgi:https://registry.npmjs.org/tough-cookie cache-miss
62 silly packumentCache corgi:https://registry.npmjs.org/form-data cache-miss
63 silly packumentCache corgi:https://registry.npmjs.org/qs cache-miss
64 silly packumentCache corgi:https://registry.npmjs.org/request cache-miss
65 http fetch GET 200 https://registry.npmjs.org/request 265ms (cache revalidated)
66 silly packumentCache corgi:https://registry.npmjs.org/request set size:129997 disposed:false
67 http fetch GET 200 https://registry.npmjs.org/qs 279ms (cache revalidated)
68 silly packumentCache corgi:https://registry.npmjs.org/qs set size:146581 disposed:false
69 http fetch GET 200 https://registry.npmjs.org/form-data 287ms (cache revalidated)
70 silly packumentCache corgi:https://registry.npmjs.org/form-data set size:51426 disposed:false
71 http fetch GET 200 https://registry.npmjs.org/tough-cookie 354ms (cache revalidated)
72 silly packumentCache corgi:https://registry.npmjs.org/tough-cookie set size:56308 disposed:false
73 silly packumentCache corgi:https://registry.npmjs.org/request-promise-core cache-miss
74 http fetch GET 200 https://registry.npmjs.org/request-promise-core 269ms (cache revalidated)
75 silly packumentCache corgi:https://registry.npmjs.org/request-promise-core set size:6997 disposed:false
76 silly packumentCache corgi:https://registry.npmjs.org/@cypress%2frequest-promise cache-miss
77 http fetch GET 200 https://registry.npmjs.org/@cypress%2frequest-promise 536ms (cache revalidated)
78 silly packumentCache corgi:https://registry.npmjs.org/@cypress%2frequest-promise set size:4166 disposed:false
79 silly packumentCache corgi:https://registry.npmjs.org/node-telegram-bot-api cache-miss
80 http fetch GET 200 https://registry.npmjs.org/node-telegram-bot-api 237ms (cache revalidated)
81 silly packumentCache corgi:https://registry.npmjs.org/node-telegram-bot-api set size:90673 disposed:false
82 silly ADD node_modules/webidl-conversions
83 silly ADD node_modules/tr46
84 silly ADD node_modules/whatwg-url
85 silly REMOVE node_modules/web-streams-polyfill
86 silly CHANGE node_modules/node-fetch
87 silly REMOVE node_modules/node-domexception
88 silly REMOVE node_modules/formdata-polyfill
89 silly REMOVE node_modules/fetch-blob
90 silly REMOVE node_modules/data-uri-to-buffer
91 verbose cwd /data/data/com.termux/files/home/yt-dlp
92 verbose os Linux 6.6.89-android15-8-g8e4be6b47e40-ab14134548-4k
93 verbose node v24.14.1
94 verbose npm  v11.14.1
95 verbose exit 0
96 info ok
